ARM GAS  /tmp/cc2E4OBd.s 			page 1


   1              		.cpu cortex-m7
   2              		.arch armv7e-m
   3              		.fpu fpv5-sp-d16
   4              		.eabi_attribute 27, 1
   5              		.eabi_attribute 28, 1
   6              		.eabi_attribute 20, 1
   7              		.eabi_attribute 21, 1
   8              		.eabi_attribute 23, 3
   9              		.eabi_attribute 24, 1
  10              		.eabi_attribute 25, 1
  11              		.eabi_attribute 26, 1
  12              		.eabi_attribute 30, 1
  13              		.eabi_attribute 34, 1
  14              		.eabi_attribute 18, 4
  15              		.file	"stm32f7xx_hal_pwr_ex.c"
  16              		.text
  17              	.Ltext0:
  18              		.cfi_sections	.debug_frame
  19              		.section	.text.HAL_PWREx_EnableBkUpReg,"ax",%progbits
  20              		.align	1
  21              		.global	HAL_PWREx_EnableBkUpReg
  22              		.syntax unified
  23              		.thumb
  24              		.thumb_func
  26              	HAL_PWREx_EnableBkUpReg:
  27              	.LFB141:
  28              		.file 1 "Drivers/STM32F7xx_HAL_Driver/Src/stm32f7xx_hal_pwr_ex.c"
   1:Drivers/STM32F7xx_HAL_Driver/Src/stm32f7xx_hal_pwr_ex.c **** /**
   2:Drivers/STM32F7xx_HAL_Driver/Src/stm32f7xx_hal_pwr_ex.c ****   ******************************************************************************
   3:Drivers/STM32F7xx_HAL_Driver/Src/stm32f7xx_hal_pwr_ex.c ****   * @file    stm32f7xx_hal_pwr_ex.c
   4:Drivers/STM32F7xx_HAL_Driver/Src/stm32f7xx_hal_pwr_ex.c ****   * @author  MCD Application Team
   5:Drivers/STM32F7xx_HAL_Driver/Src/stm32f7xx_hal_pwr_ex.c ****   * @brief   Extended PWR HAL module driver.
   6:Drivers/STM32F7xx_HAL_Driver/Src/stm32f7xx_hal_pwr_ex.c ****   *          This file provides firmware functions to manage the following 
   7:Drivers/STM32F7xx_HAL_Driver/Src/stm32f7xx_hal_pwr_ex.c ****   *          functionalities of PWR extension peripheral:           
   8:Drivers/STM32F7xx_HAL_Driver/Src/stm32f7xx_hal_pwr_ex.c ****   *           + Peripheral Extended features functions
   9:Drivers/STM32F7xx_HAL_Driver/Src/stm32f7xx_hal_pwr_ex.c ****   *         
  10:Drivers/STM32F7xx_HAL_Driver/Src/stm32f7xx_hal_pwr_ex.c ****   ******************************************************************************
  11:Drivers/STM32F7xx_HAL_Driver/Src/stm32f7xx_hal_pwr_ex.c ****   * @attention
  12:Drivers/STM32F7xx_HAL_Driver/Src/stm32f7xx_hal_pwr_ex.c ****   *
  13:Drivers/STM32F7xx_HAL_Driver/Src/stm32f7xx_hal_pwr_ex.c ****   * Copyright (c) 2017 STMicroelectronics.
  14:Drivers/STM32F7xx_HAL_Driver/Src/stm32f7xx_hal_pwr_ex.c ****   * All rights reserved.
  15:Drivers/STM32F7xx_HAL_Driver/Src/stm32f7xx_hal_pwr_ex.c ****   *
  16:Drivers/STM32F7xx_HAL_Driver/Src/stm32f7xx_hal_pwr_ex.c ****   * This software is licensed under terms that can be found in the LICENSE file
  17:Drivers/STM32F7xx_HAL_Driver/Src/stm32f7xx_hal_pwr_ex.c ****   * in the root directory of this software component.
  18:Drivers/STM32F7xx_HAL_Driver/Src/stm32f7xx_hal_pwr_ex.c ****   * If no LICENSE file comes with this software, it is provided AS-IS.
  19:Drivers/STM32F7xx_HAL_Driver/Src/stm32f7xx_hal_pwr_ex.c ****   *
  20:Drivers/STM32F7xx_HAL_Driver/Src/stm32f7xx_hal_pwr_ex.c ****   ******************************************************************************
  21:Drivers/STM32F7xx_HAL_Driver/Src/stm32f7xx_hal_pwr_ex.c ****   */
  22:Drivers/STM32F7xx_HAL_Driver/Src/stm32f7xx_hal_pwr_ex.c **** 
  23:Drivers/STM32F7xx_HAL_Driver/Src/stm32f7xx_hal_pwr_ex.c **** /* Includes ------------------------------------------------------------------*/
  24:Drivers/STM32F7xx_HAL_Driver/Src/stm32f7xx_hal_pwr_ex.c **** #include "stm32f7xx_hal.h"
  25:Drivers/STM32F7xx_HAL_Driver/Src/stm32f7xx_hal_pwr_ex.c **** 
  26:Drivers/STM32F7xx_HAL_Driver/Src/stm32f7xx_hal_pwr_ex.c **** /** @addtogroup STM32F7xx_HAL_Driver
  27:Drivers/STM32F7xx_HAL_Driver/Src/stm32f7xx_hal_pwr_ex.c ****   * @{
  28:Drivers/STM32F7xx_HAL_Driver/Src/stm32f7xx_hal_pwr_ex.c ****   */
  29:Drivers/STM32F7xx_HAL_Driver/Src/stm32f7xx_hal_pwr_ex.c **** 
  30:Drivers/STM32F7xx_HAL_Driver/Src/stm32f7xx_hal_pwr_ex.c **** /** @defgroup PWREx PWREx
ARM GAS  /tmp/cc2E4OBd.s 			page 2


  31:Drivers/STM32F7xx_HAL_Driver/Src/stm32f7xx_hal_pwr_ex.c ****   * @brief PWR HAL module driver
  32:Drivers/STM32F7xx_HAL_Driver/Src/stm32f7xx_hal_pwr_ex.c ****   * @{
  33:Drivers/STM32F7xx_HAL_Driver/Src/stm32f7xx_hal_pwr_ex.c ****   */
  34:Drivers/STM32F7xx_HAL_Driver/Src/stm32f7xx_hal_pwr_ex.c **** 
  35:Drivers/STM32F7xx_HAL_Driver/Src/stm32f7xx_hal_pwr_ex.c **** #ifdef HAL_PWR_MODULE_ENABLED
  36:Drivers/STM32F7xx_HAL_Driver/Src/stm32f7xx_hal_pwr_ex.c **** 
  37:Drivers/STM32F7xx_HAL_Driver/Src/stm32f7xx_hal_pwr_ex.c **** /* Private typedef -----------------------------------------------------------*/
  38:Drivers/STM32F7xx_HAL_Driver/Src/stm32f7xx_hal_pwr_ex.c **** /* Private define ------------------------------------------------------------*/
  39:Drivers/STM32F7xx_HAL_Driver/Src/stm32f7xx_hal_pwr_ex.c **** /** @addtogroup PWREx_Private_Constants
  40:Drivers/STM32F7xx_HAL_Driver/Src/stm32f7xx_hal_pwr_ex.c ****   * @{
  41:Drivers/STM32F7xx_HAL_Driver/Src/stm32f7xx_hal_pwr_ex.c ****   */    
  42:Drivers/STM32F7xx_HAL_Driver/Src/stm32f7xx_hal_pwr_ex.c **** #define PWR_OVERDRIVE_TIMEOUT_VALUE  1000
  43:Drivers/STM32F7xx_HAL_Driver/Src/stm32f7xx_hal_pwr_ex.c **** #define PWR_UDERDRIVE_TIMEOUT_VALUE  1000
  44:Drivers/STM32F7xx_HAL_Driver/Src/stm32f7xx_hal_pwr_ex.c **** #define PWR_BKPREG_TIMEOUT_VALUE     1000
  45:Drivers/STM32F7xx_HAL_Driver/Src/stm32f7xx_hal_pwr_ex.c **** #define PWR_VOSRDY_TIMEOUT_VALUE     1000
  46:Drivers/STM32F7xx_HAL_Driver/Src/stm32f7xx_hal_pwr_ex.c **** /**
  47:Drivers/STM32F7xx_HAL_Driver/Src/stm32f7xx_hal_pwr_ex.c ****   * @}
  48:Drivers/STM32F7xx_HAL_Driver/Src/stm32f7xx_hal_pwr_ex.c ****   */
  49:Drivers/STM32F7xx_HAL_Driver/Src/stm32f7xx_hal_pwr_ex.c ****     
  50:Drivers/STM32F7xx_HAL_Driver/Src/stm32f7xx_hal_pwr_ex.c **** /* Private macro -------------------------------------------------------------*/
  51:Drivers/STM32F7xx_HAL_Driver/Src/stm32f7xx_hal_pwr_ex.c **** /* Private variables ---------------------------------------------------------*/
  52:Drivers/STM32F7xx_HAL_Driver/Src/stm32f7xx_hal_pwr_ex.c **** /* Private function prototypes -----------------------------------------------*/
  53:Drivers/STM32F7xx_HAL_Driver/Src/stm32f7xx_hal_pwr_ex.c **** /* Private functions ---------------------------------------------------------*/
  54:Drivers/STM32F7xx_HAL_Driver/Src/stm32f7xx_hal_pwr_ex.c **** /** @defgroup PWREx_Exported_Functions PWREx Exported Functions
  55:Drivers/STM32F7xx_HAL_Driver/Src/stm32f7xx_hal_pwr_ex.c ****   *  @{
  56:Drivers/STM32F7xx_HAL_Driver/Src/stm32f7xx_hal_pwr_ex.c ****   */
  57:Drivers/STM32F7xx_HAL_Driver/Src/stm32f7xx_hal_pwr_ex.c **** 
  58:Drivers/STM32F7xx_HAL_Driver/Src/stm32f7xx_hal_pwr_ex.c **** /** @defgroup PWREx_Exported_Functions_Group1 Peripheral Extended features functions 
  59:Drivers/STM32F7xx_HAL_Driver/Src/stm32f7xx_hal_pwr_ex.c ****   *  @brief Peripheral Extended features functions 
  60:Drivers/STM32F7xx_HAL_Driver/Src/stm32f7xx_hal_pwr_ex.c ****   *
  61:Drivers/STM32F7xx_HAL_Driver/Src/stm32f7xx_hal_pwr_ex.c **** @verbatim   
  62:Drivers/STM32F7xx_HAL_Driver/Src/stm32f7xx_hal_pwr_ex.c **** 
  63:Drivers/STM32F7xx_HAL_Driver/Src/stm32f7xx_hal_pwr_ex.c ****  ===============================================================================
  64:Drivers/STM32F7xx_HAL_Driver/Src/stm32f7xx_hal_pwr_ex.c ****                  ##### Peripheral extended features functions #####
  65:Drivers/STM32F7xx_HAL_Driver/Src/stm32f7xx_hal_pwr_ex.c ****  ===============================================================================
  66:Drivers/STM32F7xx_HAL_Driver/Src/stm32f7xx_hal_pwr_ex.c **** 
  67:Drivers/STM32F7xx_HAL_Driver/Src/stm32f7xx_hal_pwr_ex.c ****     *** Main and Backup Regulators configuration ***
  68:Drivers/STM32F7xx_HAL_Driver/Src/stm32f7xx_hal_pwr_ex.c ****     ================================================
  69:Drivers/STM32F7xx_HAL_Driver/Src/stm32f7xx_hal_pwr_ex.c ****     [..] 
  70:Drivers/STM32F7xx_HAL_Driver/Src/stm32f7xx_hal_pwr_ex.c ****       (+) The backup domain includes 4 Kbytes of backup SRAM accessible only from 
  71:Drivers/STM32F7xx_HAL_Driver/Src/stm32f7xx_hal_pwr_ex.c ****           the CPU, and address in 32-bit, 16-bit or 8-bit mode. Its content is 
  72:Drivers/STM32F7xx_HAL_Driver/Src/stm32f7xx_hal_pwr_ex.c ****           retained even in Standby or VBAT mode when the low power backup regulator
  73:Drivers/STM32F7xx_HAL_Driver/Src/stm32f7xx_hal_pwr_ex.c ****           is enabled. It can be considered as an internal EEPROM when VBAT is 
  74:Drivers/STM32F7xx_HAL_Driver/Src/stm32f7xx_hal_pwr_ex.c ****           always present. You can use the HAL_PWREx_EnableBkUpReg() function to 
  75:Drivers/STM32F7xx_HAL_Driver/Src/stm32f7xx_hal_pwr_ex.c ****           enable the low power backup regulator. 
  76:Drivers/STM32F7xx_HAL_Driver/Src/stm32f7xx_hal_pwr_ex.c **** 
  77:Drivers/STM32F7xx_HAL_Driver/Src/stm32f7xx_hal_pwr_ex.c ****       (+) When the backup domain is supplied by VDD (analog switch connected to VDD) 
  78:Drivers/STM32F7xx_HAL_Driver/Src/stm32f7xx_hal_pwr_ex.c ****           the backup SRAM is powered from VDD which replaces the VBAT power supply to 
  79:Drivers/STM32F7xx_HAL_Driver/Src/stm32f7xx_hal_pwr_ex.c ****           save battery life.
  80:Drivers/STM32F7xx_HAL_Driver/Src/stm32f7xx_hal_pwr_ex.c **** 
  81:Drivers/STM32F7xx_HAL_Driver/Src/stm32f7xx_hal_pwr_ex.c ****       (+) The backup SRAM is not mass erased by a tamper event. It is read 
  82:Drivers/STM32F7xx_HAL_Driver/Src/stm32f7xx_hal_pwr_ex.c ****           protected to prevent confidential data, such as cryptographic private 
  83:Drivers/STM32F7xx_HAL_Driver/Src/stm32f7xx_hal_pwr_ex.c ****           key, from being accessed. The backup SRAM can be erased only through 
  84:Drivers/STM32F7xx_HAL_Driver/Src/stm32f7xx_hal_pwr_ex.c ****           the Flash interface when a protection level change from level 1 to 
  85:Drivers/STM32F7xx_HAL_Driver/Src/stm32f7xx_hal_pwr_ex.c ****           level 0 is requested. 
  86:Drivers/STM32F7xx_HAL_Driver/Src/stm32f7xx_hal_pwr_ex.c ****       -@- Refer to the description of Read protection (RDP) in the Flash 
  87:Drivers/STM32F7xx_HAL_Driver/Src/stm32f7xx_hal_pwr_ex.c ****           programming manual.
ARM GAS  /tmp/cc2E4OBd.s 			page 3


  88:Drivers/STM32F7xx_HAL_Driver/Src/stm32f7xx_hal_pwr_ex.c **** 
  89:Drivers/STM32F7xx_HAL_Driver/Src/stm32f7xx_hal_pwr_ex.c ****       (+) The main internal regulator can be configured to have a tradeoff between 
  90:Drivers/STM32F7xx_HAL_Driver/Src/stm32f7xx_hal_pwr_ex.c ****           performance and power consumption when the device does not operate at 
  91:Drivers/STM32F7xx_HAL_Driver/Src/stm32f7xx_hal_pwr_ex.c ****           the maximum frequency. This is done through __HAL_PWR_MAINREGULATORMODE_CONFIG() 
  92:Drivers/STM32F7xx_HAL_Driver/Src/stm32f7xx_hal_pwr_ex.c ****           macro which configure VOS bit in PWR_CR register
  93:Drivers/STM32F7xx_HAL_Driver/Src/stm32f7xx_hal_pwr_ex.c ****           
  94:Drivers/STM32F7xx_HAL_Driver/Src/stm32f7xx_hal_pwr_ex.c ****         Refer to the product datasheets for more details.
  95:Drivers/STM32F7xx_HAL_Driver/Src/stm32f7xx_hal_pwr_ex.c **** 
  96:Drivers/STM32F7xx_HAL_Driver/Src/stm32f7xx_hal_pwr_ex.c ****     *** FLASH Power Down configuration ****
  97:Drivers/STM32F7xx_HAL_Driver/Src/stm32f7xx_hal_pwr_ex.c ****     =======================================
  98:Drivers/STM32F7xx_HAL_Driver/Src/stm32f7xx_hal_pwr_ex.c ****     [..] 
  99:Drivers/STM32F7xx_HAL_Driver/Src/stm32f7xx_hal_pwr_ex.c ****       (+) By setting the FPDS bit in the PWR_CR register by using the 
 100:Drivers/STM32F7xx_HAL_Driver/Src/stm32f7xx_hal_pwr_ex.c ****           HAL_PWREx_EnableFlashPowerDown() function, the Flash memory also enters power 
 101:Drivers/STM32F7xx_HAL_Driver/Src/stm32f7xx_hal_pwr_ex.c ****           down mode when the device enters Stop mode. When the Flash memory 
 102:Drivers/STM32F7xx_HAL_Driver/Src/stm32f7xx_hal_pwr_ex.c ****           is in power down mode, an additional startup delay is incurred when 
 103:Drivers/STM32F7xx_HAL_Driver/Src/stm32f7xx_hal_pwr_ex.c ****           waking up from Stop mode.
 104:Drivers/STM32F7xx_HAL_Driver/Src/stm32f7xx_hal_pwr_ex.c **** 
 105:Drivers/STM32F7xx_HAL_Driver/Src/stm32f7xx_hal_pwr_ex.c ****     *** Over-Drive and Under-Drive configuration ****
 106:Drivers/STM32F7xx_HAL_Driver/Src/stm32f7xx_hal_pwr_ex.c ****     =================================================
 107:Drivers/STM32F7xx_HAL_Driver/Src/stm32f7xx_hal_pwr_ex.c ****     [..]         
 108:Drivers/STM32F7xx_HAL_Driver/Src/stm32f7xx_hal_pwr_ex.c ****        (+) In Run mode: the main regulator has 2 operating modes available:
 109:Drivers/STM32F7xx_HAL_Driver/Src/stm32f7xx_hal_pwr_ex.c ****         (++) Normal mode: The CPU and core logic operate at maximum frequency at a given 
 110:Drivers/STM32F7xx_HAL_Driver/Src/stm32f7xx_hal_pwr_ex.c ****              voltage scaling (scale 1, scale 2 or scale 3)
 111:Drivers/STM32F7xx_HAL_Driver/Src/stm32f7xx_hal_pwr_ex.c ****         (++) Over-drive mode: This mode allows the CPU and the core logic to operate at a 
 112:Drivers/STM32F7xx_HAL_Driver/Src/stm32f7xx_hal_pwr_ex.c ****             higher frequency than the normal mode for a given voltage scaling (scale 1,  
 113:Drivers/STM32F7xx_HAL_Driver/Src/stm32f7xx_hal_pwr_ex.c ****             scale 2 or scale 3). This mode is enabled through HAL_PWREx_EnableOverDrive() function 
 114:Drivers/STM32F7xx_HAL_Driver/Src/stm32f7xx_hal_pwr_ex.c ****             disabled by HAL_PWREx_DisableOverDrive() function, to enter or exit from Over-drive mod
 115:Drivers/STM32F7xx_HAL_Driver/Src/stm32f7xx_hal_pwr_ex.c ****             the sequence described in Reference manual.
 116:Drivers/STM32F7xx_HAL_Driver/Src/stm32f7xx_hal_pwr_ex.c ****              
 117:Drivers/STM32F7xx_HAL_Driver/Src/stm32f7xx_hal_pwr_ex.c ****        (+) In Stop mode: the main regulator or low power regulator supplies a low power 
 118:Drivers/STM32F7xx_HAL_Driver/Src/stm32f7xx_hal_pwr_ex.c ****            voltage to the 1.2V domain, thus preserving the content of registers 
 119:Drivers/STM32F7xx_HAL_Driver/Src/stm32f7xx_hal_pwr_ex.c ****            and internal SRAM. 2 operating modes are available:
 120:Drivers/STM32F7xx_HAL_Driver/Src/stm32f7xx_hal_pwr_ex.c ****          (++) Normal mode: the 1.2V domain is preserved in nominal leakage mode. This mode is only 
 121:Drivers/STM32F7xx_HAL_Driver/Src/stm32f7xx_hal_pwr_ex.c ****               available when the main regulator or the low power regulator is used in Scale 3 or 
 122:Drivers/STM32F7xx_HAL_Driver/Src/stm32f7xx_hal_pwr_ex.c ****               low voltage mode.
 123:Drivers/STM32F7xx_HAL_Driver/Src/stm32f7xx_hal_pwr_ex.c ****          (++) Under-drive mode: the 1.2V domain is preserved in reduced leakage mode. This mode is 
 124:Drivers/STM32F7xx_HAL_Driver/Src/stm32f7xx_hal_pwr_ex.c ****               available when the main regulator or the low power regulator is in low voltage mode.
 125:Drivers/STM32F7xx_HAL_Driver/Src/stm32f7xx_hal_pwr_ex.c **** 
 126:Drivers/STM32F7xx_HAL_Driver/Src/stm32f7xx_hal_pwr_ex.c **** @endverbatim
 127:Drivers/STM32F7xx_HAL_Driver/Src/stm32f7xx_hal_pwr_ex.c ****   * @{
 128:Drivers/STM32F7xx_HAL_Driver/Src/stm32f7xx_hal_pwr_ex.c ****   */
 129:Drivers/STM32F7xx_HAL_Driver/Src/stm32f7xx_hal_pwr_ex.c **** 
 130:Drivers/STM32F7xx_HAL_Driver/Src/stm32f7xx_hal_pwr_ex.c **** /**
 131:Drivers/STM32F7xx_HAL_Driver/Src/stm32f7xx_hal_pwr_ex.c ****   * @brief Enables the Backup Regulator.
 132:Drivers/STM32F7xx_HAL_Driver/Src/stm32f7xx_hal_pwr_ex.c ****   * @retval HAL status
 133:Drivers/STM32F7xx_HAL_Driver/Src/stm32f7xx_hal_pwr_ex.c ****   */
 134:Drivers/STM32F7xx_HAL_Driver/Src/stm32f7xx_hal_pwr_ex.c **** HAL_StatusTypeDef HAL_PWREx_EnableBkUpReg(void)
 135:Drivers/STM32F7xx_HAL_Driver/Src/stm32f7xx_hal_pwr_ex.c **** {
  29              		.loc 1 135 1 view -0
  30              		.cfi_startproc
  31              		@ args = 0, pretend = 0, frame = 0
  32              		@ frame_needed = 0, uses_anonymous_args = 0
  33 0000 10B5     		push	{r4, lr}
  34              	.LCFI0:
  35              		.cfi_def_cfa_offset 8
  36              		.cfi_offset 4, -8
  37              		.cfi_offset 14, -4
ARM GAS  /tmp/cc2E4OBd.s 			page 4


 136:Drivers/STM32F7xx_HAL_Driver/Src/stm32f7xx_hal_pwr_ex.c ****   uint32_t tickstart = 0;
  38              		.loc 1 136 3 view .LVU1
  39              	.LVL0:
 137:Drivers/STM32F7xx_HAL_Driver/Src/stm32f7xx_hal_pwr_ex.c **** 
 138:Drivers/STM32F7xx_HAL_Driver/Src/stm32f7xx_hal_pwr_ex.c ****   /* Enable Backup regulator */
 139:Drivers/STM32F7xx_HAL_Driver/Src/stm32f7xx_hal_pwr_ex.c ****   PWR->CSR1 |= PWR_CSR1_BRE;
  40              		.loc 1 139 3 view .LVU2
  41              		.loc 1 139 13 is_stmt 0 view .LVU3
  42 0002 0D4B     		ldr	r3, .L8
  43 0004 5A68     		ldr	r2, [r3, #4]
  44 0006 42F40072 		orr	r2, r2, #512
  45 000a 5A60     		str	r2, [r3, #4]
 140:Drivers/STM32F7xx_HAL_Driver/Src/stm32f7xx_hal_pwr_ex.c ****     
 141:Drivers/STM32F7xx_HAL_Driver/Src/stm32f7xx_hal_pwr_ex.c ****   /* Workaround for the following hardware bug: */
 142:Drivers/STM32F7xx_HAL_Driver/Src/stm32f7xx_hal_pwr_ex.c ****   /* Id 19: PWR : No STANDBY wake-up when Back-up RAM enabled (ref. Errata Sheet p23) */
 143:Drivers/STM32F7xx_HAL_Driver/Src/stm32f7xx_hal_pwr_ex.c ****   PWR->CSR1 |= PWR_CSR1_EIWUP;
  46              		.loc 1 143 3 is_stmt 1 view .LVU4
  47              		.loc 1 143 13 is_stmt 0 view .LVU5
  48 000c 5A68     		ldr	r2, [r3, #4]
  49 000e 42F48072 		orr	r2, r2, #256
  50 0012 5A60     		str	r2, [r3, #4]
 144:Drivers/STM32F7xx_HAL_Driver/Src/stm32f7xx_hal_pwr_ex.c **** 
 145:Drivers/STM32F7xx_HAL_Driver/Src/stm32f7xx_hal_pwr_ex.c ****   /* Get tick */
 146:Drivers/STM32F7xx_HAL_Driver/Src/stm32f7xx_hal_pwr_ex.c ****   tickstart = HAL_GetTick();
  51              		.loc 1 146 3 is_stmt 1 view .LVU6
  52              		.loc 1 146 15 is_stmt 0 view .LVU7
  53 0014 FFF7FEFF 		bl	HAL_GetTick
  54              	.LVL1:
  55 0018 0446     		mov	r4, r0
  56              	.LVL2:
 147:Drivers/STM32F7xx_HAL_Driver/Src/stm32f7xx_hal_pwr_ex.c **** 
 148:Drivers/STM32F7xx_HAL_Driver/Src/stm32f7xx_hal_pwr_ex.c ****   /* Wait till Backup regulator ready flag is set */  
 149:Drivers/STM32F7xx_HAL_Driver/Src/stm32f7xx_hal_pwr_ex.c ****   while(__HAL_PWR_GET_FLAG(PWR_FLAG_BRR) == RESET)
  57              		.loc 1 149 3 is_stmt 1 view .LVU8
  58              	.L2:
  59              		.loc 1 149 8 view .LVU9
  60              		.loc 1 149 9 is_stmt 0 view .LVU10
  61 001a 074B     		ldr	r3, .L8
  62 001c 5B68     		ldr	r3, [r3, #4]
  63              		.loc 1 149 8 view .LVU11
  64 001e 13F0080F 		tst	r3, #8
  65 0022 07D1     		bne	.L7
 150:Drivers/STM32F7xx_HAL_Driver/Src/stm32f7xx_hal_pwr_ex.c ****   {
 151:Drivers/STM32F7xx_HAL_Driver/Src/stm32f7xx_hal_pwr_ex.c ****     if((HAL_GetTick() - tickstart ) > PWR_BKPREG_TIMEOUT_VALUE)
  66              		.loc 1 151 5 is_stmt 1 view .LVU12
  67              		.loc 1 151 9 is_stmt 0 view .LVU13
  68 0024 FFF7FEFF 		bl	HAL_GetTick
  69              	.LVL3:
  70              		.loc 1 151 23 view .LVU14
  71 0028 001B     		subs	r0, r0, r4
  72              		.loc 1 151 7 view .LVU15
  73 002a B0F57A7F 		cmp	r0, #1000
  74 002e F4D9     		bls	.L2
 152:Drivers/STM32F7xx_HAL_Driver/Src/stm32f7xx_hal_pwr_ex.c ****     {
 153:Drivers/STM32F7xx_HAL_Driver/Src/stm32f7xx_hal_pwr_ex.c ****       return HAL_TIMEOUT;
  75              		.loc 1 153 14 view .LVU16
  76 0030 0320     		movs	r0, #3
ARM GAS  /tmp/cc2E4OBd.s 			page 5


  77 0032 00E0     		b	.L3
  78              	.L7:
 154:Drivers/STM32F7xx_HAL_Driver/Src/stm32f7xx_hal_pwr_ex.c ****     } 
 155:Drivers/STM32F7xx_HAL_Driver/Src/stm32f7xx_hal_pwr_ex.c ****   }
 156:Drivers/STM32F7xx_HAL_Driver/Src/stm32f7xx_hal_pwr_ex.c ****   return HAL_OK;
  79              		.loc 1 156 10 view .LVU17
  80 0034 0020     		movs	r0, #0
  81              	.L3:
 157:Drivers/STM32F7xx_HAL_Driver/Src/stm32f7xx_hal_pwr_ex.c **** }
  82              		.loc 1 157 1 view .LVU18
  83 0036 10BD     		pop	{r4, pc}
  84              	.LVL4:
  85              	.L9:
  86              		.loc 1 157 1 view .LVU19
  87              		.align	2
  88              	.L8:
  89 0038 00700040 		.word	1073770496
  90              		.cfi_endproc
  91              	.LFE141:
  93              		.section	.text.HAL_PWREx_DisableBkUpReg,"ax",%progbits
  94              		.align	1
  95              		.global	HAL_PWREx_DisableBkUpReg
  96              		.syntax unified
  97              		.thumb
  98              		.thumb_func
 100              	HAL_PWREx_DisableBkUpReg:
 101              	.LFB142:
 158:Drivers/STM32F7xx_HAL_Driver/Src/stm32f7xx_hal_pwr_ex.c **** 
 159:Drivers/STM32F7xx_HAL_Driver/Src/stm32f7xx_hal_pwr_ex.c **** /**
 160:Drivers/STM32F7xx_HAL_Driver/Src/stm32f7xx_hal_pwr_ex.c ****   * @brief Disables the Backup Regulator.
 161:Drivers/STM32F7xx_HAL_Driver/Src/stm32f7xx_hal_pwr_ex.c ****   * @retval HAL status
 162:Drivers/STM32F7xx_HAL_Driver/Src/stm32f7xx_hal_pwr_ex.c ****   */
 163:Drivers/STM32F7xx_HAL_Driver/Src/stm32f7xx_hal_pwr_ex.c **** HAL_StatusTypeDef HAL_PWREx_DisableBkUpReg(void)
 164:Drivers/STM32F7xx_HAL_Driver/Src/stm32f7xx_hal_pwr_ex.c **** {
 102              		.loc 1 164 1 is_stmt 1 view -0
 103              		.cfi_startproc
 104              		@ args = 0, pretend = 0, frame = 0
 105              		@ frame_needed = 0, uses_anonymous_args = 0
 106 0000 10B5     		push	{r4, lr}
 107              	.LCFI1:
 108              		.cfi_def_cfa_offset 8
 109              		.cfi_offset 4, -8
 110              		.cfi_offset 14, -4
 165:Drivers/STM32F7xx_HAL_Driver/Src/stm32f7xx_hal_pwr_ex.c ****   uint32_t tickstart = 0;
 111              		.loc 1 165 3 view .LVU21
 112              	.LVL5:
 166:Drivers/STM32F7xx_HAL_Driver/Src/stm32f7xx_hal_pwr_ex.c ****   
 167:Drivers/STM32F7xx_HAL_Driver/Src/stm32f7xx_hal_pwr_ex.c ****   /* Disable Backup regulator */
 168:Drivers/STM32F7xx_HAL_Driver/Src/stm32f7xx_hal_pwr_ex.c ****   PWR->CSR1 &= (uint32_t)~((uint32_t)PWR_CSR1_BRE);
 113              		.loc 1 168 3 view .LVU22
 114              		.loc 1 168 13 is_stmt 0 view .LVU23
 115 0002 0D4B     		ldr	r3, .L17
 116 0004 5A68     		ldr	r2, [r3, #4]
 117 0006 22F40072 		bic	r2, r2, #512
 118 000a 5A60     		str	r2, [r3, #4]
 169:Drivers/STM32F7xx_HAL_Driver/Src/stm32f7xx_hal_pwr_ex.c ****   
 170:Drivers/STM32F7xx_HAL_Driver/Src/stm32f7xx_hal_pwr_ex.c ****   /* Workaround for the following hardware bug: */
ARM GAS  /tmp/cc2E4OBd.s 			page 6


 171:Drivers/STM32F7xx_HAL_Driver/Src/stm32f7xx_hal_pwr_ex.c ****   /* Id 19: PWR : No STANDBY wake-up when Back-up RAM enabled (ref. Errata Sheet p23) */
 172:Drivers/STM32F7xx_HAL_Driver/Src/stm32f7xx_hal_pwr_ex.c ****   PWR->CSR1 |= PWR_CSR1_EIWUP;
 119              		.loc 1 172 3 is_stmt 1 view .LVU24
 120              		.loc 1 172 13 is_stmt 0 view .LVU25
 121 000c 5A68     		ldr	r2, [r3, #4]
 122 000e 42F48072 		orr	r2, r2, #256
 123 0012 5A60     		str	r2, [r3, #4]
 173:Drivers/STM32F7xx_HAL_Driver/Src/stm32f7xx_hal_pwr_ex.c **** 
 174:Drivers/STM32F7xx_HAL_Driver/Src/stm32f7xx_hal_pwr_ex.c ****   /* Get tick */
 175:Drivers/STM32F7xx_HAL_Driver/Src/stm32f7xx_hal_pwr_ex.c ****   tickstart = HAL_GetTick();
 124              		.loc 1 175 3 is_stmt 1 view .LVU26
 125              		.loc 1 175 15 is_stmt 0 view .LVU27
 126 0014 FFF7FEFF 		bl	HAL_GetTick
 127              	.LVL6:
 128 0018 0446     		mov	r4, r0
 129              	.LVL7:
 176:Drivers/STM32F7xx_HAL_Driver/Src/stm32f7xx_hal_pwr_ex.c **** 
 177:Drivers/STM32F7xx_HAL_Driver/Src/stm32f7xx_hal_pwr_ex.c ****   /* Wait till Backup regulator ready flag is set */  
 178:Drivers/STM32F7xx_HAL_Driver/Src/stm32f7xx_hal_pwr_ex.c ****   while(__HAL_PWR_GET_FLAG(PWR_FLAG_BRR) != RESET)
 130              		.loc 1 178 3 is_stmt 1 view .LVU28
 131              	.L11:
 132              		.loc 1 178 8 view .LVU29
 133              		.loc 1 178 9 is_stmt 0 view .LVU30
 134 001a 074B     		ldr	r3, .L17
 135 001c 5B68     		ldr	r3, [r3, #4]
 136              		.loc 1 178 8 view .LVU31
 137 001e 13F0080F 		tst	r3, #8
 138 0022 07D0     		beq	.L16
 179:Drivers/STM32F7xx_HAL_Driver/Src/stm32f7xx_hal_pwr_ex.c ****   {
 180:Drivers/STM32F7xx_HAL_Driver/Src/stm32f7xx_hal_pwr_ex.c ****     if((HAL_GetTick() - tickstart ) > PWR_BKPREG_TIMEOUT_VALUE)
 139              		.loc 1 180 5 is_stmt 1 view .LVU32
 140              		.loc 1 180 9 is_stmt 0 view .LVU33
 141 0024 FFF7FEFF 		bl	HAL_GetTick
 142              	.LVL8:
 143              		.loc 1 180 23 view .LVU34
 144 0028 001B     		subs	r0, r0, r4
 145              		.loc 1 180 7 view .LVU35
 146 002a B0F57A7F 		cmp	r0, #1000
 147 002e F4D9     		bls	.L11
 181:Drivers/STM32F7xx_HAL_Driver/Src/stm32f7xx_hal_pwr_ex.c ****     {
 182:Drivers/STM32F7xx_HAL_Driver/Src/stm32f7xx_hal_pwr_ex.c ****       return HAL_TIMEOUT;
 148              		.loc 1 182 14 view .LVU36
 149 0030 0320     		movs	r0, #3
 150 0032 00E0     		b	.L12
 151              	.L16:
 183:Drivers/STM32F7xx_HAL_Driver/Src/stm32f7xx_hal_pwr_ex.c ****     } 
 184:Drivers/STM32F7xx_HAL_Driver/Src/stm32f7xx_hal_pwr_ex.c ****   }
 185:Drivers/STM32F7xx_HAL_Driver/Src/stm32f7xx_hal_pwr_ex.c ****   return HAL_OK;
 152              		.loc 1 185 10 view .LVU37
 153 0034 0020     		movs	r0, #0
 154              	.L12:
 186:Drivers/STM32F7xx_HAL_Driver/Src/stm32f7xx_hal_pwr_ex.c **** }
 155              		.loc 1 186 1 view .LVU38
 156 0036 10BD     		pop	{r4, pc}
 157              	.LVL9:
 158              	.L18:
 159              		.loc 1 186 1 view .LVU39
ARM GAS  /tmp/cc2E4OBd.s 			page 7


 160              		.align	2
 161              	.L17:
 162 0038 00700040 		.word	1073770496
 163              		.cfi_endproc
 164              	.LFE142:
 166              		.section	.text.HAL_PWREx_EnableFlashPowerDown,"ax",%progbits
 167              		.align	1
 168              		.global	HAL_PWREx_EnableFlashPowerDown
 169              		.syntax unified
 170              		.thumb
 171              		.thumb_func
 173              	HAL_PWREx_EnableFlashPowerDown:
 174              	.LFB143:
 187:Drivers/STM32F7xx_HAL_Driver/Src/stm32f7xx_hal_pwr_ex.c **** 
 188:Drivers/STM32F7xx_HAL_Driver/Src/stm32f7xx_hal_pwr_ex.c **** /**
 189:Drivers/STM32F7xx_HAL_Driver/Src/stm32f7xx_hal_pwr_ex.c ****   * @brief Enables the Flash Power Down in Stop mode.
 190:Drivers/STM32F7xx_HAL_Driver/Src/stm32f7xx_hal_pwr_ex.c ****   * @retval None
 191:Drivers/STM32F7xx_HAL_Driver/Src/stm32f7xx_hal_pwr_ex.c ****   */
 192:Drivers/STM32F7xx_HAL_Driver/Src/stm32f7xx_hal_pwr_ex.c **** void HAL_PWREx_EnableFlashPowerDown(void)
 193:Drivers/STM32F7xx_HAL_Driver/Src/stm32f7xx_hal_pwr_ex.c **** {
 175              		.loc 1 193 1 is_stmt 1 view -0
 176              		.cfi_startproc
 177              		@ args = 0, pretend = 0, frame = 0
 178              		@ frame_needed = 0, uses_anonymous_args = 0
 179              		@ link register save eliminated.
 194:Drivers/STM32F7xx_HAL_Driver/Src/stm32f7xx_hal_pwr_ex.c ****   /* Enable the Flash Power Down */
 195:Drivers/STM32F7xx_HAL_Driver/Src/stm32f7xx_hal_pwr_ex.c ****   PWR->CR1 |= PWR_CR1_FPDS;
 180              		.loc 1 195 3 view .LVU41
 181              		.loc 1 195 12 is_stmt 0 view .LVU42
 182 0000 024A     		ldr	r2, .L20
 183 0002 1368     		ldr	r3, [r2]
 184 0004 43F40073 		orr	r3, r3, #512
 185 0008 1360     		str	r3, [r2]
 196:Drivers/STM32F7xx_HAL_Driver/Src/stm32f7xx_hal_pwr_ex.c **** }
 186              		.loc 1 196 1 view .LVU43
 187 000a 7047     		bx	lr
 188              	.L21:
 189              		.align	2
 190              	.L20:
 191 000c 00700040 		.word	1073770496
 192              		.cfi_endproc
 193              	.LFE143:
 195              		.section	.text.HAL_PWREx_DisableFlashPowerDown,"ax",%progbits
 196              		.align	1
 197              		.global	HAL_PWREx_DisableFlashPowerDown
 198              		.syntax unified
 199              		.thumb
 200              		.thumb_func
 202              	HAL_PWREx_DisableFlashPowerDown:
 203              	.LFB144:
 197:Drivers/STM32F7xx_HAL_Driver/Src/stm32f7xx_hal_pwr_ex.c **** 
 198:Drivers/STM32F7xx_HAL_Driver/Src/stm32f7xx_hal_pwr_ex.c **** /**
 199:Drivers/STM32F7xx_HAL_Driver/Src/stm32f7xx_hal_pwr_ex.c ****   * @brief Disables the Flash Power Down in Stop mode.
 200:Drivers/STM32F7xx_HAL_Driver/Src/stm32f7xx_hal_pwr_ex.c ****   * @retval None
 201:Drivers/STM32F7xx_HAL_Driver/Src/stm32f7xx_hal_pwr_ex.c ****   */
 202:Drivers/STM32F7xx_HAL_Driver/Src/stm32f7xx_hal_pwr_ex.c **** void HAL_PWREx_DisableFlashPowerDown(void)
 203:Drivers/STM32F7xx_HAL_Driver/Src/stm32f7xx_hal_pwr_ex.c **** {
ARM GAS  /tmp/cc2E4OBd.s 			page 8


 204              		.loc 1 203 1 is_stmt 1 view -0
 205              		.cfi_startproc
 206              		@ args = 0, pretend = 0, frame = 0
 207              		@ frame_needed = 0, uses_anonymous_args = 0
 208              		@ link register save eliminated.
 204:Drivers/STM32F7xx_HAL_Driver/Src/stm32f7xx_hal_pwr_ex.c ****   /* Disable the Flash Power Down */
 205:Drivers/STM32F7xx_HAL_Driver/Src/stm32f7xx_hal_pwr_ex.c ****   PWR->CR1 &= (uint32_t)~((uint32_t)PWR_CR1_FPDS);
 209              		.loc 1 205 3 view .LVU45
 210              		.loc 1 205 12 is_stmt 0 view .LVU46
 211 0000 024A     		ldr	r2, .L23
 212 0002 1368     		ldr	r3, [r2]
 213 0004 23F40073 		bic	r3, r3, #512
 214 0008 1360     		str	r3, [r2]
 206:Drivers/STM32F7xx_HAL_Driver/Src/stm32f7xx_hal_pwr_ex.c **** }
 215              		.loc 1 206 1 view .LVU47
 216 000a 7047     		bx	lr
 217              	.L24:
 218              		.align	2
 219              	.L23:
 220 000c 00700040 		.word	1073770496
 221              		.cfi_endproc
 222              	.LFE144:
 224              		.section	.text.HAL_PWREx_EnableMainRegulatorLowVoltage,"ax",%progbits
 225              		.align	1
 226              		.global	HAL_PWREx_EnableMainRegulatorLowVoltage
 227              		.syntax unified
 228              		.thumb
 229              		.thumb_func
 231              	HAL_PWREx_EnableMainRegulatorLowVoltage:
 232              	.LFB145:
 207:Drivers/STM32F7xx_HAL_Driver/Src/stm32f7xx_hal_pwr_ex.c **** 
 208:Drivers/STM32F7xx_HAL_Driver/Src/stm32f7xx_hal_pwr_ex.c **** /**
 209:Drivers/STM32F7xx_HAL_Driver/Src/stm32f7xx_hal_pwr_ex.c ****   * @brief Enables Main Regulator low voltage mode.
 210:Drivers/STM32F7xx_HAL_Driver/Src/stm32f7xx_hal_pwr_ex.c ****   * @retval None
 211:Drivers/STM32F7xx_HAL_Driver/Src/stm32f7xx_hal_pwr_ex.c ****   */
 212:Drivers/STM32F7xx_HAL_Driver/Src/stm32f7xx_hal_pwr_ex.c **** void HAL_PWREx_EnableMainRegulatorLowVoltage(void)
 213:Drivers/STM32F7xx_HAL_Driver/Src/stm32f7xx_hal_pwr_ex.c **** {
 233              		.loc 1 213 1 is_stmt 1 view -0
 234              		.cfi_startproc
 235              		@ args = 0, pretend = 0, frame = 0
 236              		@ frame_needed = 0, uses_anonymous_args = 0
 237              		@ link register save eliminated.
 214:Drivers/STM32F7xx_HAL_Driver/Src/stm32f7xx_hal_pwr_ex.c ****   /* Enable Main regulator low voltage */
 215:Drivers/STM32F7xx_HAL_Driver/Src/stm32f7xx_hal_pwr_ex.c ****   PWR->CR1 |= PWR_CR1_MRUDS;
 238              		.loc 1 215 3 view .LVU49
 239              		.loc 1 215 12 is_stmt 0 view .LVU50
 240 0000 024A     		ldr	r2, .L26
 241 0002 1368     		ldr	r3, [r2]
 242 0004 43F40063 		orr	r3, r3, #2048
 243 0008 1360     		str	r3, [r2]
 216:Drivers/STM32F7xx_HAL_Driver/Src/stm32f7xx_hal_pwr_ex.c **** }
 244              		.loc 1 216 1 view .LVU51
 245 000a 7047     		bx	lr
 246              	.L27:
 247              		.align	2
 248              	.L26:
 249 000c 00700040 		.word	1073770496
ARM GAS  /tmp/cc2E4OBd.s 			page 9


 250              		.cfi_endproc
 251              	.LFE145:
 253              		.section	.text.HAL_PWREx_DisableMainRegulatorLowVoltage,"ax",%progbits
 254              		.align	1
 255              		.global	HAL_PWREx_DisableMainRegulatorLowVoltage
 256              		.syntax unified
 257              		.thumb
 258              		.thumb_func
 260              	HAL_PWREx_DisableMainRegulatorLowVoltage:
 261              	.LFB146:
 217:Drivers/STM32F7xx_HAL_Driver/Src/stm32f7xx_hal_pwr_ex.c **** 
 218:Drivers/STM32F7xx_HAL_Driver/Src/stm32f7xx_hal_pwr_ex.c **** /**
 219:Drivers/STM32F7xx_HAL_Driver/Src/stm32f7xx_hal_pwr_ex.c ****   * @brief Disables Main Regulator low voltage mode.
 220:Drivers/STM32F7xx_HAL_Driver/Src/stm32f7xx_hal_pwr_ex.c ****   * @retval None
 221:Drivers/STM32F7xx_HAL_Driver/Src/stm32f7xx_hal_pwr_ex.c ****   */
 222:Drivers/STM32F7xx_HAL_Driver/Src/stm32f7xx_hal_pwr_ex.c **** void HAL_PWREx_DisableMainRegulatorLowVoltage(void)
 223:Drivers/STM32F7xx_HAL_Driver/Src/stm32f7xx_hal_pwr_ex.c **** {  
 262              		.loc 1 223 1 is_stmt 1 view -0
 263              		.cfi_startproc
 264              		@ args = 0, pretend = 0, frame = 0
 265              		@ frame_needed = 0, uses_anonymous_args = 0
 266              		@ link register save eliminated.
 224:Drivers/STM32F7xx_HAL_Driver/Src/stm32f7xx_hal_pwr_ex.c ****   /* Disable Main regulator low voltage */
 225:Drivers/STM32F7xx_HAL_Driver/Src/stm32f7xx_hal_pwr_ex.c ****   PWR->CR1 &= (uint32_t)~((uint32_t)PWR_CR1_MRUDS);
 267              		.loc 1 225 3 view .LVU53
 268              		.loc 1 225 12 is_stmt 0 view .LVU54
 269 0000 024A     		ldr	r2, .L29
 270 0002 1368     		ldr	r3, [r2]
 271 0004 23F40063 		bic	r3, r3, #2048
 272 0008 1360     		str	r3, [r2]
 226:Drivers/STM32F7xx_HAL_Driver/Src/stm32f7xx_hal_pwr_ex.c **** }
 273              		.loc 1 226 1 view .LVU55
 274 000a 7047     		bx	lr
 275              	.L30:
 276              		.align	2
 277              	.L29:
 278 000c 00700040 		.word	1073770496
 279              		.cfi_endproc
 280              	.LFE146:
 282              		.section	.text.HAL_PWREx_EnableLowRegulatorLowVoltage,"ax",%progbits
 283              		.align	1
 284              		.global	HAL_PWREx_EnableLowRegulatorLowVoltage
 285              		.syntax unified
 286              		.thumb
 287              		.thumb_func
 289              	HAL_PWREx_EnableLowRegulatorLowVoltage:
 290              	.LFB147:
 227:Drivers/STM32F7xx_HAL_Driver/Src/stm32f7xx_hal_pwr_ex.c **** 
 228:Drivers/STM32F7xx_HAL_Driver/Src/stm32f7xx_hal_pwr_ex.c **** /**
 229:Drivers/STM32F7xx_HAL_Driver/Src/stm32f7xx_hal_pwr_ex.c ****   * @brief Enables Low Power Regulator low voltage mode.
 230:Drivers/STM32F7xx_HAL_Driver/Src/stm32f7xx_hal_pwr_ex.c ****   * @retval None
 231:Drivers/STM32F7xx_HAL_Driver/Src/stm32f7xx_hal_pwr_ex.c ****   */
 232:Drivers/STM32F7xx_HAL_Driver/Src/stm32f7xx_hal_pwr_ex.c **** void HAL_PWREx_EnableLowRegulatorLowVoltage(void)
 233:Drivers/STM32F7xx_HAL_Driver/Src/stm32f7xx_hal_pwr_ex.c **** {
 291              		.loc 1 233 1 is_stmt 1 view -0
 292              		.cfi_startproc
 293              		@ args = 0, pretend = 0, frame = 0
ARM GAS  /tmp/cc2E4OBd.s 			page 10


 294              		@ frame_needed = 0, uses_anonymous_args = 0
 295              		@ link register save eliminated.
 234:Drivers/STM32F7xx_HAL_Driver/Src/stm32f7xx_hal_pwr_ex.c ****   /* Enable low power regulator */
 235:Drivers/STM32F7xx_HAL_Driver/Src/stm32f7xx_hal_pwr_ex.c ****   PWR->CR1 |= PWR_CR1_LPUDS;
 296              		.loc 1 235 3 view .LVU57
 297              		.loc 1 235 12 is_stmt 0 view .LVU58
 298 0000 024A     		ldr	r2, .L32
 299 0002 1368     		ldr	r3, [r2]
 300 0004 43F48063 		orr	r3, r3, #1024
 301 0008 1360     		str	r3, [r2]
 236:Drivers/STM32F7xx_HAL_Driver/Src/stm32f7xx_hal_pwr_ex.c **** }
 302              		.loc 1 236 1 view .LVU59
 303 000a 7047     		bx	lr
 304              	.L33:
 305              		.align	2
 306              	.L32:
 307 000c 00700040 		.word	1073770496
 308              		.cfi_endproc
 309              	.LFE147:
 311              		.section	.text.HAL_PWREx_DisableLowRegulatorLowVoltage,"ax",%progbits
 312              		.align	1
 313              		.global	HAL_PWREx_DisableLowRegulatorLowVoltage
 314              		.syntax unified
 315              		.thumb
 316              		.thumb_func
 318              	HAL_PWREx_DisableLowRegulatorLowVoltage:
 319              	.LFB148:
 237:Drivers/STM32F7xx_HAL_Driver/Src/stm32f7xx_hal_pwr_ex.c **** 
 238:Drivers/STM32F7xx_HAL_Driver/Src/stm32f7xx_hal_pwr_ex.c **** /**
 239:Drivers/STM32F7xx_HAL_Driver/Src/stm32f7xx_hal_pwr_ex.c ****   * @brief Disables Low Power Regulator low voltage mode.
 240:Drivers/STM32F7xx_HAL_Driver/Src/stm32f7xx_hal_pwr_ex.c ****   * @retval None
 241:Drivers/STM32F7xx_HAL_Driver/Src/stm32f7xx_hal_pwr_ex.c ****   */
 242:Drivers/STM32F7xx_HAL_Driver/Src/stm32f7xx_hal_pwr_ex.c **** void HAL_PWREx_DisableLowRegulatorLowVoltage(void)
 243:Drivers/STM32F7xx_HAL_Driver/Src/stm32f7xx_hal_pwr_ex.c **** {
 320              		.loc 1 243 1 is_stmt 1 view -0
 321              		.cfi_startproc
 322              		@ args = 0, pretend = 0, frame = 0
 323              		@ frame_needed = 0, uses_anonymous_args = 0
 324              		@ link register save eliminated.
 244:Drivers/STM32F7xx_HAL_Driver/Src/stm32f7xx_hal_pwr_ex.c ****   /* Disable low power regulator */
 245:Drivers/STM32F7xx_HAL_Driver/Src/stm32f7xx_hal_pwr_ex.c ****   PWR->CR1 &= (uint32_t)~((uint32_t)PWR_CR1_LPUDS);
 325              		.loc 1 245 3 view .LVU61
 326              		.loc 1 245 12 is_stmt 0 view .LVU62
 327 0000 024A     		ldr	r2, .L35
 328 0002 1368     		ldr	r3, [r2]
 329 0004 23F48063 		bic	r3, r3, #1024
 330 0008 1360     		str	r3, [r2]
 246:Drivers/STM32F7xx_HAL_Driver/Src/stm32f7xx_hal_pwr_ex.c **** }
 331              		.loc 1 246 1 view .LVU63
 332 000a 7047     		bx	lr
 333              	.L36:
 334              		.align	2
 335              	.L35:
 336 000c 00700040 		.word	1073770496
 337              		.cfi_endproc
 338              	.LFE148:
 340              		.section	.text.HAL_PWREx_EnableOverDrive,"ax",%progbits
ARM GAS  /tmp/cc2E4OBd.s 			page 11


 341              		.align	1
 342              		.global	HAL_PWREx_EnableOverDrive
 343              		.syntax unified
 344              		.thumb
 345              		.thumb_func
 347              	HAL_PWREx_EnableOverDrive:
 348              	.LFB149:
 247:Drivers/STM32F7xx_HAL_Driver/Src/stm32f7xx_hal_pwr_ex.c **** 
 248:Drivers/STM32F7xx_HAL_Driver/Src/stm32f7xx_hal_pwr_ex.c **** /**
 249:Drivers/STM32F7xx_HAL_Driver/Src/stm32f7xx_hal_pwr_ex.c ****   * @brief  Activates the Over-Drive mode.
 250:Drivers/STM32F7xx_HAL_Driver/Src/stm32f7xx_hal_pwr_ex.c ****   * @note   This mode allows the CPU and the core logic to operate at a higher frequency
 251:Drivers/STM32F7xx_HAL_Driver/Src/stm32f7xx_hal_pwr_ex.c ****   *         than the normal mode for a given voltage scaling (scale 1, scale 2 or scale 3).   
 252:Drivers/STM32F7xx_HAL_Driver/Src/stm32f7xx_hal_pwr_ex.c ****   * @note   It is recommended to enter or exit Over-drive mode when the application is not running 
 253:Drivers/STM32F7xx_HAL_Driver/Src/stm32f7xx_hal_pwr_ex.c ****   *         critical tasks and when the system clock source is either HSI or HSE. 
 254:Drivers/STM32F7xx_HAL_Driver/Src/stm32f7xx_hal_pwr_ex.c ****   *         During the Over-drive switch activation, no peripheral clocks should be enabled.   
 255:Drivers/STM32F7xx_HAL_Driver/Src/stm32f7xx_hal_pwr_ex.c ****   *         The peripheral clocks must be enabled once the Over-drive mode is activated.   
 256:Drivers/STM32F7xx_HAL_Driver/Src/stm32f7xx_hal_pwr_ex.c ****   * @retval HAL status
 257:Drivers/STM32F7xx_HAL_Driver/Src/stm32f7xx_hal_pwr_ex.c ****   */
 258:Drivers/STM32F7xx_HAL_Driver/Src/stm32f7xx_hal_pwr_ex.c **** HAL_StatusTypeDef HAL_PWREx_EnableOverDrive(void)
 259:Drivers/STM32F7xx_HAL_Driver/Src/stm32f7xx_hal_pwr_ex.c **** {
 349              		.loc 1 259 1 is_stmt 1 view -0
 350              		.cfi_startproc
 351              		@ args = 0, pretend = 0, frame = 8
 352              		@ frame_needed = 0, uses_anonymous_args = 0
 353 0000 10B5     		push	{r4, lr}
 354              	.LCFI2:
 355              		.cfi_def_cfa_offset 8
 356              		.cfi_offset 4, -8
 357              		.cfi_offset 14, -4
 358 0002 82B0     		sub	sp, sp, #8
 359              	.LCFI3:
 360              		.cfi_def_cfa_offset 16
 260:Drivers/STM32F7xx_HAL_Driver/Src/stm32f7xx_hal_pwr_ex.c ****   uint32_t tickstart = 0;
 361              		.loc 1 260 3 view .LVU65
 362              	.LVL10:
 261:Drivers/STM32F7xx_HAL_Driver/Src/stm32f7xx_hal_pwr_ex.c **** 
 262:Drivers/STM32F7xx_HAL_Driver/Src/stm32f7xx_hal_pwr_ex.c ****   __HAL_RCC_PWR_CLK_ENABLE();
 363              		.loc 1 262 3 view .LVU66
 364              	.LBB2:
 365              		.loc 1 262 3 view .LVU67
 366              		.loc 1 262 3 view .LVU68
 367 0004 1B4B     		ldr	r3, .L48
 368 0006 1A6C     		ldr	r2, [r3, #64]
 369 0008 42F08052 		orr	r2, r2, #268435456
 370 000c 1A64     		str	r2, [r3, #64]
 371              		.loc 1 262 3 view .LVU69
 372 000e 1B6C     		ldr	r3, [r3, #64]
 373 0010 03F08053 		and	r3, r3, #268435456
 374 0014 0193     		str	r3, [sp, #4]
 375              		.loc 1 262 3 view .LVU70
 376 0016 019B     		ldr	r3, [sp, #4]
 377              	.LBE2:
 378              		.loc 1 262 3 view .LVU71
 263:Drivers/STM32F7xx_HAL_Driver/Src/stm32f7xx_hal_pwr_ex.c ****   
 264:Drivers/STM32F7xx_HAL_Driver/Src/stm32f7xx_hal_pwr_ex.c ****   /* Enable the Over-drive to extend the clock frequency to 216 MHz */
 265:Drivers/STM32F7xx_HAL_Driver/Src/stm32f7xx_hal_pwr_ex.c ****   __HAL_PWR_OVERDRIVE_ENABLE();
 379              		.loc 1 265 3 view .LVU72
ARM GAS  /tmp/cc2E4OBd.s 			page 12


 380 0018 174A     		ldr	r2, .L48+4
 381 001a 1368     		ldr	r3, [r2]
 382 001c 43F48033 		orr	r3, r3, #65536
 383 0020 1360     		str	r3, [r2]
 266:Drivers/STM32F7xx_HAL_Driver/Src/stm32f7xx_hal_pwr_ex.c **** 
 267:Drivers/STM32F7xx_HAL_Driver/Src/stm32f7xx_hal_pwr_ex.c ****   /* Get tick */
 268:Drivers/STM32F7xx_HAL_Driver/Src/stm32f7xx_hal_pwr_ex.c ****   tickstart = HAL_GetTick();
 384              		.loc 1 268 3 view .LVU73
 385              		.loc 1 268 15 is_stmt 0 view .LVU74
 386 0022 FFF7FEFF 		bl	HAL_GetTick
 387              	.LVL11:
 388 0026 0446     		mov	r4, r0
 389              	.LVL12:
 269:Drivers/STM32F7xx_HAL_Driver/Src/stm32f7xx_hal_pwr_ex.c **** 
 270:Drivers/STM32F7xx_HAL_Driver/Src/stm32f7xx_hal_pwr_ex.c ****   while(!__HAL_PWR_GET_FLAG(PWR_FLAG_ODRDY))
 390              		.loc 1 270 3 is_stmt 1 view .LVU75
 391              	.L38:
 392              		.loc 1 270 8 view .LVU76
 393              		.loc 1 270 10 is_stmt 0 view .LVU77
 394 0028 134B     		ldr	r3, .L48+4
 395 002a 5B68     		ldr	r3, [r3, #4]
 396              		.loc 1 270 8 view .LVU78
 397 002c 13F4803F 		tst	r3, #65536
 398 0030 08D1     		bne	.L46
 271:Drivers/STM32F7xx_HAL_Driver/Src/stm32f7xx_hal_pwr_ex.c ****   {
 272:Drivers/STM32F7xx_HAL_Driver/Src/stm32f7xx_hal_pwr_ex.c ****     if((HAL_GetTick() - tickstart ) > PWR_OVERDRIVE_TIMEOUT_VALUE)
 399              		.loc 1 272 5 is_stmt 1 view .LVU79
 400              		.loc 1 272 9 is_stmt 0 view .LVU80
 401 0032 FFF7FEFF 		bl	HAL_GetTick
 402              	.LVL13:
 403              		.loc 1 272 23 view .LVU81
 404 0036 001B     		subs	r0, r0, r4
 405              		.loc 1 272 7 view .LVU82
 406 0038 B0F57A7F 		cmp	r0, #1000
 407 003c F4D9     		bls	.L38
 273:Drivers/STM32F7xx_HAL_Driver/Src/stm32f7xx_hal_pwr_ex.c ****     {
 274:Drivers/STM32F7xx_HAL_Driver/Src/stm32f7xx_hal_pwr_ex.c ****       return HAL_TIMEOUT;
 408              		.loc 1 274 14 view .LVU83
 409 003e 0320     		movs	r0, #3
 410              	.L39:
 275:Drivers/STM32F7xx_HAL_Driver/Src/stm32f7xx_hal_pwr_ex.c ****     }
 276:Drivers/STM32F7xx_HAL_Driver/Src/stm32f7xx_hal_pwr_ex.c ****   }
 277:Drivers/STM32F7xx_HAL_Driver/Src/stm32f7xx_hal_pwr_ex.c ****   
 278:Drivers/STM32F7xx_HAL_Driver/Src/stm32f7xx_hal_pwr_ex.c ****   /* Enable the Over-drive switch */
 279:Drivers/STM32F7xx_HAL_Driver/Src/stm32f7xx_hal_pwr_ex.c ****   __HAL_PWR_OVERDRIVESWITCHING_ENABLE();
 280:Drivers/STM32F7xx_HAL_Driver/Src/stm32f7xx_hal_pwr_ex.c **** 
 281:Drivers/STM32F7xx_HAL_Driver/Src/stm32f7xx_hal_pwr_ex.c ****   /* Get tick */
 282:Drivers/STM32F7xx_HAL_Driver/Src/stm32f7xx_hal_pwr_ex.c ****   tickstart = HAL_GetTick();
 283:Drivers/STM32F7xx_HAL_Driver/Src/stm32f7xx_hal_pwr_ex.c **** 
 284:Drivers/STM32F7xx_HAL_Driver/Src/stm32f7xx_hal_pwr_ex.c ****   while(!__HAL_PWR_GET_FLAG(PWR_FLAG_ODSWRDY))
 285:Drivers/STM32F7xx_HAL_Driver/Src/stm32f7xx_hal_pwr_ex.c ****   {
 286:Drivers/STM32F7xx_HAL_Driver/Src/stm32f7xx_hal_pwr_ex.c ****     if((HAL_GetTick() - tickstart ) > PWR_OVERDRIVE_TIMEOUT_VALUE)
 287:Drivers/STM32F7xx_HAL_Driver/Src/stm32f7xx_hal_pwr_ex.c ****     {
 288:Drivers/STM32F7xx_HAL_Driver/Src/stm32f7xx_hal_pwr_ex.c ****       return HAL_TIMEOUT;
 289:Drivers/STM32F7xx_HAL_Driver/Src/stm32f7xx_hal_pwr_ex.c ****     }
 290:Drivers/STM32F7xx_HAL_Driver/Src/stm32f7xx_hal_pwr_ex.c ****   } 
 291:Drivers/STM32F7xx_HAL_Driver/Src/stm32f7xx_hal_pwr_ex.c ****   return HAL_OK;
ARM GAS  /tmp/cc2E4OBd.s 			page 13


 292:Drivers/STM32F7xx_HAL_Driver/Src/stm32f7xx_hal_pwr_ex.c **** }
 411              		.loc 1 292 1 view .LVU84
 412 0040 02B0     		add	sp, sp, #8
 413              	.LCFI4:
 414              		.cfi_remember_state
 415              		.cfi_def_cfa_offset 8
 416              		@ sp needed
 417 0042 10BD     		pop	{r4, pc}
 418              	.LVL14:
 419              	.L46:
 420              	.LCFI5:
 421              		.cfi_restore_state
 279:Drivers/STM32F7xx_HAL_Driver/Src/stm32f7xx_hal_pwr_ex.c **** 
 422              		.loc 1 279 3 is_stmt 1 view .LVU85
 423 0044 0C4A     		ldr	r2, .L48+4
 424 0046 1368     		ldr	r3, [r2]
 425 0048 43F40033 		orr	r3, r3, #131072
 426 004c 1360     		str	r3, [r2]
 282:Drivers/STM32F7xx_HAL_Driver/Src/stm32f7xx_hal_pwr_ex.c **** 
 427              		.loc 1 282 3 view .LVU86
 282:Drivers/STM32F7xx_HAL_Driver/Src/stm32f7xx_hal_pwr_ex.c **** 
 428              		.loc 1 282 15 is_stmt 0 view .LVU87
 429 004e FFF7FEFF 		bl	HAL_GetTick
 430              	.LVL15:
 431 0052 0446     		mov	r4, r0
 432              	.LVL16:
 284:Drivers/STM32F7xx_HAL_Driver/Src/stm32f7xx_hal_pwr_ex.c ****   {
 433              		.loc 1 284 3 is_stmt 1 view .LVU88
 434              	.L41:
 284:Drivers/STM32F7xx_HAL_Driver/Src/stm32f7xx_hal_pwr_ex.c ****   {
 435              		.loc 1 284 8 view .LVU89
 284:Drivers/STM32F7xx_HAL_Driver/Src/stm32f7xx_hal_pwr_ex.c ****   {
 436              		.loc 1 284 10 is_stmt 0 view .LVU90
 437 0054 084B     		ldr	r3, .L48+4
 438 0056 5B68     		ldr	r3, [r3, #4]
 284:Drivers/STM32F7xx_HAL_Driver/Src/stm32f7xx_hal_pwr_ex.c ****   {
 439              		.loc 1 284 8 view .LVU91
 440 0058 13F4003F 		tst	r3, #131072
 441 005c 07D1     		bne	.L47
 286:Drivers/STM32F7xx_HAL_Driver/Src/stm32f7xx_hal_pwr_ex.c ****     {
 442              		.loc 1 286 5 is_stmt 1 view .LVU92
 286:Drivers/STM32F7xx_HAL_Driver/Src/stm32f7xx_hal_pwr_ex.c ****     {
 443              		.loc 1 286 9 is_stmt 0 view .LVU93
 444 005e FFF7FEFF 		bl	HAL_GetTick
 445              	.LVL17:
 286:Drivers/STM32F7xx_HAL_Driver/Src/stm32f7xx_hal_pwr_ex.c ****     {
 446              		.loc 1 286 23 view .LVU94
 447 0062 001B     		subs	r0, r0, r4
 286:Drivers/STM32F7xx_HAL_Driver/Src/stm32f7xx_hal_pwr_ex.c ****     {
 448              		.loc 1 286 7 view .LVU95
 449 0064 B0F57A7F 		cmp	r0, #1000
 450 0068 F4D9     		bls	.L41
 288:Drivers/STM32F7xx_HAL_Driver/Src/stm32f7xx_hal_pwr_ex.c ****     }
 451              		.loc 1 288 14 view .LVU96
 452 006a 0320     		movs	r0, #3
 453 006c E8E7     		b	.L39
 454              	.L47:
ARM GAS  /tmp/cc2E4OBd.s 			page 14


 291:Drivers/STM32F7xx_HAL_Driver/Src/stm32f7xx_hal_pwr_ex.c **** }
 455              		.loc 1 291 10 view .LVU97
 456 006e 0020     		movs	r0, #0
 457 0070 E6E7     		b	.L39
 458              	.L49:
 459 0072 00BF     		.align	2
 460              	.L48:
 461 0074 00380240 		.word	1073887232
 462 0078 00700040 		.word	1073770496
 463              		.cfi_endproc
 464              	.LFE149:
 466              		.section	.text.HAL_PWREx_DisableOverDrive,"ax",%progbits
 467              		.align	1
 468              		.global	HAL_PWREx_DisableOverDrive
 469              		.syntax unified
 470              		.thumb
 471              		.thumb_func
 473              	HAL_PWREx_DisableOverDrive:
 474              	.LFB150:
 293:Drivers/STM32F7xx_HAL_Driver/Src/stm32f7xx_hal_pwr_ex.c **** 
 294:Drivers/STM32F7xx_HAL_Driver/Src/stm32f7xx_hal_pwr_ex.c **** /**
 295:Drivers/STM32F7xx_HAL_Driver/Src/stm32f7xx_hal_pwr_ex.c ****   * @brief  Deactivates the Over-Drive mode.
 296:Drivers/STM32F7xx_HAL_Driver/Src/stm32f7xx_hal_pwr_ex.c ****   * @note   This mode allows the CPU and the core logic to operate at a higher frequency
 297:Drivers/STM32F7xx_HAL_Driver/Src/stm32f7xx_hal_pwr_ex.c ****   *         than the normal mode for a given voltage scaling (scale 1, scale 2 or scale 3).    
 298:Drivers/STM32F7xx_HAL_Driver/Src/stm32f7xx_hal_pwr_ex.c ****   * @note   It is recommended to enter or exit Over-drive mode when the application is not running 
 299:Drivers/STM32F7xx_HAL_Driver/Src/stm32f7xx_hal_pwr_ex.c ****   *         critical tasks and when the system clock source is either HSI or HSE. 
 300:Drivers/STM32F7xx_HAL_Driver/Src/stm32f7xx_hal_pwr_ex.c ****   *         During the Over-drive switch activation, no peripheral clocks should be enabled.   
 301:Drivers/STM32F7xx_HAL_Driver/Src/stm32f7xx_hal_pwr_ex.c ****   *         The peripheral clocks must be enabled once the Over-drive mode is activated.
 302:Drivers/STM32F7xx_HAL_Driver/Src/stm32f7xx_hal_pwr_ex.c ****   * @retval HAL status
 303:Drivers/STM32F7xx_HAL_Driver/Src/stm32f7xx_hal_pwr_ex.c ****   */
 304:Drivers/STM32F7xx_HAL_Driver/Src/stm32f7xx_hal_pwr_ex.c **** HAL_StatusTypeDef HAL_PWREx_DisableOverDrive(void)
 305:Drivers/STM32F7xx_HAL_Driver/Src/stm32f7xx_hal_pwr_ex.c **** {
 475              		.loc 1 305 1 is_stmt 1 view -0
 476              		.cfi_startproc
 477              		@ args = 0, pretend = 0, frame = 8
 478              		@ frame_needed = 0, uses_anonymous_args = 0
 479 0000 10B5     		push	{r4, lr}
 480              	.LCFI6:
 481              		.cfi_def_cfa_offset 8
 482              		.cfi_offset 4, -8
 483              		.cfi_offset 14, -4
 484 0002 82B0     		sub	sp, sp, #8
 485              	.LCFI7:
 486              		.cfi_def_cfa_offset 16
 306:Drivers/STM32F7xx_HAL_Driver/Src/stm32f7xx_hal_pwr_ex.c ****   uint32_t tickstart = 0;
 487              		.loc 1 306 3 view .LVU99
 488              	.LVL18:
 307:Drivers/STM32F7xx_HAL_Driver/Src/stm32f7xx_hal_pwr_ex.c ****   
 308:Drivers/STM32F7xx_HAL_Driver/Src/stm32f7xx_hal_pwr_ex.c ****   __HAL_RCC_PWR_CLK_ENABLE();
 489              		.loc 1 308 3 view .LVU100
 490              	.LBB3:
 491              		.loc 1 308 3 view .LVU101
 492              		.loc 1 308 3 view .LVU102
 493 0004 1B4B     		ldr	r3, .L61
 494 0006 1A6C     		ldr	r2, [r3, #64]
 495 0008 42F08052 		orr	r2, r2, #268435456
 496 000c 1A64     		str	r2, [r3, #64]
ARM GAS  /tmp/cc2E4OBd.s 			page 15


 497              		.loc 1 308 3 view .LVU103
 498 000e 1B6C     		ldr	r3, [r3, #64]
 499 0010 03F08053 		and	r3, r3, #268435456
 500 0014 0193     		str	r3, [sp, #4]
 501              		.loc 1 308 3 view .LVU104
 502 0016 019B     		ldr	r3, [sp, #4]
 503              	.LBE3:
 504              		.loc 1 308 3 view .LVU105
 309:Drivers/STM32F7xx_HAL_Driver/Src/stm32f7xx_hal_pwr_ex.c ****     
 310:Drivers/STM32F7xx_HAL_Driver/Src/stm32f7xx_hal_pwr_ex.c ****   /* Disable the Over-drive switch */
 311:Drivers/STM32F7xx_HAL_Driver/Src/stm32f7xx_hal_pwr_ex.c ****   __HAL_PWR_OVERDRIVESWITCHING_DISABLE();
 505              		.loc 1 311 3 view .LVU106
 506 0018 174A     		ldr	r2, .L61+4
 507 001a 1368     		ldr	r3, [r2]
 508 001c 23F40033 		bic	r3, r3, #131072
 509 0020 1360     		str	r3, [r2]
 312:Drivers/STM32F7xx_HAL_Driver/Src/stm32f7xx_hal_pwr_ex.c ****   
 313:Drivers/STM32F7xx_HAL_Driver/Src/stm32f7xx_hal_pwr_ex.c ****   /* Get tick */
 314:Drivers/STM32F7xx_HAL_Driver/Src/stm32f7xx_hal_pwr_ex.c ****   tickstart = HAL_GetTick();
 510              		.loc 1 314 3 view .LVU107
 511              		.loc 1 314 15 is_stmt 0 view .LVU108
 512 0022 FFF7FEFF 		bl	HAL_GetTick
 513              	.LVL19:
 514 0026 0446     		mov	r4, r0
 515              	.LVL20:
 315:Drivers/STM32F7xx_HAL_Driver/Src/stm32f7xx_hal_pwr_ex.c ****  
 316:Drivers/STM32F7xx_HAL_Driver/Src/stm32f7xx_hal_pwr_ex.c ****   while(__HAL_PWR_GET_FLAG(PWR_FLAG_ODSWRDY))
 516              		.loc 1 316 3 is_stmt 1 view .LVU109
 517              	.L51:
 518              		.loc 1 316 8 view .LVU110
 519              		.loc 1 316 9 is_stmt 0 view .LVU111
 520 0028 134B     		ldr	r3, .L61+4
 521 002a 5B68     		ldr	r3, [r3, #4]
 522              		.loc 1 316 8 view .LVU112
 523 002c 13F4003F 		tst	r3, #131072
 524 0030 08D0     		beq	.L59
 317:Drivers/STM32F7xx_HAL_Driver/Src/stm32f7xx_hal_pwr_ex.c ****   {
 318:Drivers/STM32F7xx_HAL_Driver/Src/stm32f7xx_hal_pwr_ex.c ****     if((HAL_GetTick() - tickstart ) > PWR_OVERDRIVE_TIMEOUT_VALUE)
 525              		.loc 1 318 5 is_stmt 1 view .LVU113
 526              		.loc 1 318 9 is_stmt 0 view .LVU114
 527 0032 FFF7FEFF 		bl	HAL_GetTick
 528              	.LVL21:
 529              		.loc 1 318 23 view .LVU115
 530 0036 001B     		subs	r0, r0, r4
 531              		.loc 1 318 7 view .LVU116
 532 0038 B0F57A7F 		cmp	r0, #1000
 533 003c F4D9     		bls	.L51
 319:Drivers/STM32F7xx_HAL_Driver/Src/stm32f7xx_hal_pwr_ex.c ****     {
 320:Drivers/STM32F7xx_HAL_Driver/Src/stm32f7xx_hal_pwr_ex.c ****       return HAL_TIMEOUT;
 534              		.loc 1 320 14 view .LVU117
 535 003e 0320     		movs	r0, #3
 536              	.L52:
 321:Drivers/STM32F7xx_HAL_Driver/Src/stm32f7xx_hal_pwr_ex.c ****     }
 322:Drivers/STM32F7xx_HAL_Driver/Src/stm32f7xx_hal_pwr_ex.c ****   } 
 323:Drivers/STM32F7xx_HAL_Driver/Src/stm32f7xx_hal_pwr_ex.c ****   
 324:Drivers/STM32F7xx_HAL_Driver/Src/stm32f7xx_hal_pwr_ex.c ****   /* Disable the Over-drive */
 325:Drivers/STM32F7xx_HAL_Driver/Src/stm32f7xx_hal_pwr_ex.c ****   __HAL_PWR_OVERDRIVE_DISABLE();
ARM GAS  /tmp/cc2E4OBd.s 			page 16


 326:Drivers/STM32F7xx_HAL_Driver/Src/stm32f7xx_hal_pwr_ex.c **** 
 327:Drivers/STM32F7xx_HAL_Driver/Src/stm32f7xx_hal_pwr_ex.c ****   /* Get tick */
 328:Drivers/STM32F7xx_HAL_Driver/Src/stm32f7xx_hal_pwr_ex.c ****   tickstart = HAL_GetTick();
 329:Drivers/STM32F7xx_HAL_Driver/Src/stm32f7xx_hal_pwr_ex.c **** 
 330:Drivers/STM32F7xx_HAL_Driver/Src/stm32f7xx_hal_pwr_ex.c ****   while(__HAL_PWR_GET_FLAG(PWR_FLAG_ODRDY))
 331:Drivers/STM32F7xx_HAL_Driver/Src/stm32f7xx_hal_pwr_ex.c ****   {
 332:Drivers/STM32F7xx_HAL_Driver/Src/stm32f7xx_hal_pwr_ex.c ****     if((HAL_GetTick() - tickstart ) > PWR_OVERDRIVE_TIMEOUT_VALUE)
 333:Drivers/STM32F7xx_HAL_Driver/Src/stm32f7xx_hal_pwr_ex.c ****     {
 334:Drivers/STM32F7xx_HAL_Driver/Src/stm32f7xx_hal_pwr_ex.c ****       return HAL_TIMEOUT;
 335:Drivers/STM32F7xx_HAL_Driver/Src/stm32f7xx_hal_pwr_ex.c ****     }
 336:Drivers/STM32F7xx_HAL_Driver/Src/stm32f7xx_hal_pwr_ex.c ****   }
 337:Drivers/STM32F7xx_HAL_Driver/Src/stm32f7xx_hal_pwr_ex.c ****   
 338:Drivers/STM32F7xx_HAL_Driver/Src/stm32f7xx_hal_pwr_ex.c ****   return HAL_OK;
 339:Drivers/STM32F7xx_HAL_Driver/Src/stm32f7xx_hal_pwr_ex.c **** }
 537              		.loc 1 339 1 view .LVU118
 538 0040 02B0     		add	sp, sp, #8
 539              	.LCFI8:
 540              		.cfi_remember_state
 541              		.cfi_def_cfa_offset 8
 542              		@ sp needed
 543 0042 10BD     		pop	{r4, pc}
 544              	.LVL22:
 545              	.L59:
 546              	.LCFI9:
 547              		.cfi_restore_state
 325:Drivers/STM32F7xx_HAL_Driver/Src/stm32f7xx_hal_pwr_ex.c **** 
 548              		.loc 1 325 3 is_stmt 1 view .LVU119
 549 0044 0C4A     		ldr	r2, .L61+4
 550 0046 1368     		ldr	r3, [r2]
 551 0048 23F48033 		bic	r3, r3, #65536
 552 004c 1360     		str	r3, [r2]
 328:Drivers/STM32F7xx_HAL_Driver/Src/stm32f7xx_hal_pwr_ex.c **** 
 553              		.loc 1 328 3 view .LVU120
 328:Drivers/STM32F7xx_HAL_Driver/Src/stm32f7xx_hal_pwr_ex.c **** 
 554              		.loc 1 328 15 is_stmt 0 view .LVU121
 555 004e FFF7FEFF 		bl	HAL_GetTick
 556              	.LVL23:
 557 0052 0446     		mov	r4, r0
 558              	.LVL24:
 330:Drivers/STM32F7xx_HAL_Driver/Src/stm32f7xx_hal_pwr_ex.c ****   {
 559              		.loc 1 330 3 is_stmt 1 view .LVU122
 560              	.L54:
 330:Drivers/STM32F7xx_HAL_Driver/Src/stm32f7xx_hal_pwr_ex.c ****   {
 561              		.loc 1 330 8 view .LVU123
 330:Drivers/STM32F7xx_HAL_Driver/Src/stm32f7xx_hal_pwr_ex.c ****   {
 562              		.loc 1 330 9 is_stmt 0 view .LVU124
 563 0054 084B     		ldr	r3, .L61+4
 564 0056 5B68     		ldr	r3, [r3, #4]
 330:Drivers/STM32F7xx_HAL_Driver/Src/stm32f7xx_hal_pwr_ex.c ****   {
 565              		.loc 1 330 8 view .LVU125
 566 0058 13F4803F 		tst	r3, #65536
 567 005c 07D0     		beq	.L60
 332:Drivers/STM32F7xx_HAL_Driver/Src/stm32f7xx_hal_pwr_ex.c ****     {
 568              		.loc 1 332 5 is_stmt 1 view .LVU126
 332:Drivers/STM32F7xx_HAL_Driver/Src/stm32f7xx_hal_pwr_ex.c ****     {
 569              		.loc 1 332 9 is_stmt 0 view .LVU127
 570 005e FFF7FEFF 		bl	HAL_GetTick
ARM GAS  /tmp/cc2E4OBd.s 			page 17


 571              	.LVL25:
 332:Drivers/STM32F7xx_HAL_Driver/Src/stm32f7xx_hal_pwr_ex.c ****     {
 572              		.loc 1 332 23 view .LVU128
 573 0062 001B     		subs	r0, r0, r4
 332:Drivers/STM32F7xx_HAL_Driver/Src/stm32f7xx_hal_pwr_ex.c ****     {
 574              		.loc 1 332 7 view .LVU129
 575 0064 B0F57A7F 		cmp	r0, #1000
 576 0068 F4D9     		bls	.L54
 334:Drivers/STM32F7xx_HAL_Driver/Src/stm32f7xx_hal_pwr_ex.c ****     }
 577              		.loc 1 334 14 view .LVU130
 578 006a 0320     		movs	r0, #3
 579 006c E8E7     		b	.L52
 580              	.L60:
 338:Drivers/STM32F7xx_HAL_Driver/Src/stm32f7xx_hal_pwr_ex.c **** }
 581              		.loc 1 338 10 view .LVU131
 582 006e 0020     		movs	r0, #0
 583 0070 E6E7     		b	.L52
 584              	.L62:
 585 0072 00BF     		.align	2
 586              	.L61:
 587 0074 00380240 		.word	1073887232
 588 0078 00700040 		.word	1073770496
 589              		.cfi_endproc
 590              	.LFE150:
 592              		.section	.text.HAL_PWREx_EnterUnderDriveSTOPMode,"ax",%progbits
 593              		.align	1
 594              		.global	HAL_PWREx_EnterUnderDriveSTOPMode
 595              		.syntax unified
 596              		.thumb
 597              		.thumb_func
 599              	HAL_PWREx_EnterUnderDriveSTOPMode:
 600              	.LVL26:
 601              	.LFB151:
 340:Drivers/STM32F7xx_HAL_Driver/Src/stm32f7xx_hal_pwr_ex.c **** 
 341:Drivers/STM32F7xx_HAL_Driver/Src/stm32f7xx_hal_pwr_ex.c **** /**
 342:Drivers/STM32F7xx_HAL_Driver/Src/stm32f7xx_hal_pwr_ex.c ****   * @brief  Enters in Under-Drive STOP mode.
 343:Drivers/STM32F7xx_HAL_Driver/Src/stm32f7xx_hal_pwr_ex.c ****   * 
 344:Drivers/STM32F7xx_HAL_Driver/Src/stm32f7xx_hal_pwr_ex.c ****   * @note    This mode can be selected only when the Under-Drive is already active 
 345:Drivers/STM32F7xx_HAL_Driver/Src/stm32f7xx_hal_pwr_ex.c ****   *   
 346:Drivers/STM32F7xx_HAL_Driver/Src/stm32f7xx_hal_pwr_ex.c ****   * @note    This mode is enabled only with STOP low power mode.
 347:Drivers/STM32F7xx_HAL_Driver/Src/stm32f7xx_hal_pwr_ex.c ****   *          In this mode, the 1.2V domain is preserved in reduced leakage mode. This 
 348:Drivers/STM32F7xx_HAL_Driver/Src/stm32f7xx_hal_pwr_ex.c ****   *          mode is only available when the main regulator or the low power regulator 
 349:Drivers/STM32F7xx_HAL_Driver/Src/stm32f7xx_hal_pwr_ex.c ****   *          is in low voltage mode
 350:Drivers/STM32F7xx_HAL_Driver/Src/stm32f7xx_hal_pwr_ex.c ****   *        
 351:Drivers/STM32F7xx_HAL_Driver/Src/stm32f7xx_hal_pwr_ex.c ****   * @note   If the Under-drive mode was enabled, it is automatically disabled after 
 352:Drivers/STM32F7xx_HAL_Driver/Src/stm32f7xx_hal_pwr_ex.c ****   *         exiting Stop mode. 
 353:Drivers/STM32F7xx_HAL_Driver/Src/stm32f7xx_hal_pwr_ex.c ****   *         When the voltage regulator operates in Under-drive mode, an additional  
 354:Drivers/STM32F7xx_HAL_Driver/Src/stm32f7xx_hal_pwr_ex.c ****   *         startup delay is induced when waking up from Stop mode.
 355:Drivers/STM32F7xx_HAL_Driver/Src/stm32f7xx_hal_pwr_ex.c ****   *                    
 356:Drivers/STM32F7xx_HAL_Driver/Src/stm32f7xx_hal_pwr_ex.c ****   * @note   In Stop mode, all I/O pins keep the same state as in Run mode.
 357:Drivers/STM32F7xx_HAL_Driver/Src/stm32f7xx_hal_pwr_ex.c ****   *   
 358:Drivers/STM32F7xx_HAL_Driver/Src/stm32f7xx_hal_pwr_ex.c ****   * @note   When exiting Stop mode by issuing an interrupt or a wakeup event, 
 359:Drivers/STM32F7xx_HAL_Driver/Src/stm32f7xx_hal_pwr_ex.c ****   *         the HSI RC oscillator is selected as system clock.
 360:Drivers/STM32F7xx_HAL_Driver/Src/stm32f7xx_hal_pwr_ex.c ****   *           
 361:Drivers/STM32F7xx_HAL_Driver/Src/stm32f7xx_hal_pwr_ex.c ****   * @note   When the voltage regulator operates in low power mode, an additional 
 362:Drivers/STM32F7xx_HAL_Driver/Src/stm32f7xx_hal_pwr_ex.c ****   *         startup delay is incurred when waking up from Stop mode. 
 363:Drivers/STM32F7xx_HAL_Driver/Src/stm32f7xx_hal_pwr_ex.c ****   *         By keeping the internal regulator ON during Stop mode, the consumption 
ARM GAS  /tmp/cc2E4OBd.s 			page 18


 364:Drivers/STM32F7xx_HAL_Driver/Src/stm32f7xx_hal_pwr_ex.c ****   *         is higher although the startup time is reduced.
 365:Drivers/STM32F7xx_HAL_Driver/Src/stm32f7xx_hal_pwr_ex.c ****   *     
 366:Drivers/STM32F7xx_HAL_Driver/Src/stm32f7xx_hal_pwr_ex.c ****   * @param  Regulator specifies the regulator state in STOP mode.
 367:Drivers/STM32F7xx_HAL_Driver/Src/stm32f7xx_hal_pwr_ex.c ****   *          This parameter can be one of the following values:
 368:Drivers/STM32F7xx_HAL_Driver/Src/stm32f7xx_hal_pwr_ex.c ****   *            @arg PWR_MAINREGULATOR_UNDERDRIVE_ON:  Main Regulator in under-drive mode 
 369:Drivers/STM32F7xx_HAL_Driver/Src/stm32f7xx_hal_pwr_ex.c ****   *                 and Flash memory in power-down when the device is in Stop under-drive mode
 370:Drivers/STM32F7xx_HAL_Driver/Src/stm32f7xx_hal_pwr_ex.c ****   *            @arg PWR_LOWPOWERREGULATOR_UNDERDRIVE_ON:  Low Power Regulator in under-drive mode 
 371:Drivers/STM32F7xx_HAL_Driver/Src/stm32f7xx_hal_pwr_ex.c ****   *                and Flash memory in power-down when the device is in Stop under-drive mode
 372:Drivers/STM32F7xx_HAL_Driver/Src/stm32f7xx_hal_pwr_ex.c ****   * @param  STOPEntry specifies if STOP mode in entered with WFI or WFE instruction.
 373:Drivers/STM32F7xx_HAL_Driver/Src/stm32f7xx_hal_pwr_ex.c ****   *          This parameter can be one of the following values:
 374:Drivers/STM32F7xx_HAL_Driver/Src/stm32f7xx_hal_pwr_ex.c ****   *            @arg PWR_SLEEPENTRY_WFI: enter STOP mode with WFI instruction
 375:Drivers/STM32F7xx_HAL_Driver/Src/stm32f7xx_hal_pwr_ex.c ****   *            @arg PWR_SLEEPENTRY_WFE: enter STOP mode with WFE instruction
 376:Drivers/STM32F7xx_HAL_Driver/Src/stm32f7xx_hal_pwr_ex.c ****   * @retval None
 377:Drivers/STM32F7xx_HAL_Driver/Src/stm32f7xx_hal_pwr_ex.c ****   */
 378:Drivers/STM32F7xx_HAL_Driver/Src/stm32f7xx_hal_pwr_ex.c **** HAL_StatusTypeDef HAL_PWREx_EnterUnderDriveSTOPMode(uint32_t Regulator, uint8_t STOPEntry)
 379:Drivers/STM32F7xx_HAL_Driver/Src/stm32f7xx_hal_pwr_ex.c **** {
 602              		.loc 1 379 1 is_stmt 1 view -0
 603              		.cfi_startproc
 604              		@ args = 0, pretend = 0, frame = 8
 605              		@ frame_needed = 0, uses_anonymous_args = 0
 606              		.loc 1 379 1 is_stmt 0 view .LVU133
 607 0000 70B5     		push	{r4, r5, r6, lr}
 608              	.LCFI10:
 609              		.cfi_def_cfa_offset 16
 610              		.cfi_offset 4, -16
 611              		.cfi_offset 5, -12
 612              		.cfi_offset 6, -8
 613              		.cfi_offset 14, -4
 614 0002 82B0     		sub	sp, sp, #8
 615              	.LCFI11:
 616              		.cfi_def_cfa_offset 24
 617 0004 0646     		mov	r6, r0
 618 0006 0D46     		mov	r5, r1
 380:Drivers/STM32F7xx_HAL_Driver/Src/stm32f7xx_hal_pwr_ex.c ****   uint32_t tempreg = 0;
 619              		.loc 1 380 3 is_stmt 1 view .LVU134
 620              	.LVL27:
 381:Drivers/STM32F7xx_HAL_Driver/Src/stm32f7xx_hal_pwr_ex.c ****   uint32_t tickstart = 0;
 621              		.loc 1 381 3 view .LVU135
 382:Drivers/STM32F7xx_HAL_Driver/Src/stm32f7xx_hal_pwr_ex.c ****   
 383:Drivers/STM32F7xx_HAL_Driver/Src/stm32f7xx_hal_pwr_ex.c ****   /* Check the parameters */
 384:Drivers/STM32F7xx_HAL_Driver/Src/stm32f7xx_hal_pwr_ex.c ****   assert_param(IS_PWR_REGULATOR_UNDERDRIVE(Regulator));
 622              		.loc 1 384 3 view .LVU136
 385:Drivers/STM32F7xx_HAL_Driver/Src/stm32f7xx_hal_pwr_ex.c ****   assert_param(IS_PWR_STOP_ENTRY(STOPEntry));
 623              		.loc 1 385 3 view .LVU137
 386:Drivers/STM32F7xx_HAL_Driver/Src/stm32f7xx_hal_pwr_ex.c ****   
 387:Drivers/STM32F7xx_HAL_Driver/Src/stm32f7xx_hal_pwr_ex.c ****   /* Enable Power ctrl clock */
 388:Drivers/STM32F7xx_HAL_Driver/Src/stm32f7xx_hal_pwr_ex.c ****   __HAL_RCC_PWR_CLK_ENABLE();
 624              		.loc 1 388 3 view .LVU138
 625              	.LBB4:
 626              		.loc 1 388 3 view .LVU139
 627              		.loc 1 388 3 view .LVU140
 628 0008 1E4B     		ldr	r3, .L73
 629 000a 1A6C     		ldr	r2, [r3, #64]
 630 000c 42F08052 		orr	r2, r2, #268435456
 631 0010 1A64     		str	r2, [r3, #64]
 632              		.loc 1 388 3 view .LVU141
 633 0012 1B6C     		ldr	r3, [r3, #64]
ARM GAS  /tmp/cc2E4OBd.s 			page 19


 634 0014 03F08053 		and	r3, r3, #268435456
 635 0018 0193     		str	r3, [sp, #4]
 636              		.loc 1 388 3 view .LVU142
 637 001a 019B     		ldr	r3, [sp, #4]
 638              	.LBE4:
 639              		.loc 1 388 3 view .LVU143
 389:Drivers/STM32F7xx_HAL_Driver/Src/stm32f7xx_hal_pwr_ex.c ****   /* Enable the Under-drive Mode ---------------------------------------------*/
 390:Drivers/STM32F7xx_HAL_Driver/Src/stm32f7xx_hal_pwr_ex.c ****   /* Clear Under-drive flag */
 391:Drivers/STM32F7xx_HAL_Driver/Src/stm32f7xx_hal_pwr_ex.c ****   __HAL_PWR_CLEAR_ODRUDR_FLAG();
 640              		.loc 1 391 3 view .LVU144
 641 001c 1A4B     		ldr	r3, .L73+4
 642 001e 5968     		ldr	r1, [r3, #4]
 643              	.LVL28:
 644              		.loc 1 391 3 is_stmt 0 view .LVU145
 645 0020 1A4A     		ldr	r2, .L73+8
 646 0022 0A43     		orrs	r2, r2, r1
 647 0024 5A60     		str	r2, [r3, #4]
 392:Drivers/STM32F7xx_HAL_Driver/Src/stm32f7xx_hal_pwr_ex.c ****   
 393:Drivers/STM32F7xx_HAL_Driver/Src/stm32f7xx_hal_pwr_ex.c ****   /* Enable the Under-drive */ 
 394:Drivers/STM32F7xx_HAL_Driver/Src/stm32f7xx_hal_pwr_ex.c ****   __HAL_PWR_UNDERDRIVE_ENABLE();
 648              		.loc 1 394 3 is_stmt 1 view .LVU146
 649 0026 1A68     		ldr	r2, [r3]
 650 0028 42F44022 		orr	r2, r2, #786432
 651 002c 1A60     		str	r2, [r3]
 395:Drivers/STM32F7xx_HAL_Driver/Src/stm32f7xx_hal_pwr_ex.c **** 
 396:Drivers/STM32F7xx_HAL_Driver/Src/stm32f7xx_hal_pwr_ex.c ****   /* Get tick */
 397:Drivers/STM32F7xx_HAL_Driver/Src/stm32f7xx_hal_pwr_ex.c ****   tickstart = HAL_GetTick();
 652              		.loc 1 397 3 view .LVU147
 653              		.loc 1 397 15 is_stmt 0 view .LVU148
 654 002e FFF7FEFF 		bl	HAL_GetTick
 655              	.LVL29:
 656              		.loc 1 397 15 view .LVU149
 657 0032 0446     		mov	r4, r0
 658              	.LVL30:
 398:Drivers/STM32F7xx_HAL_Driver/Src/stm32f7xx_hal_pwr_ex.c **** 
 399:Drivers/STM32F7xx_HAL_Driver/Src/stm32f7xx_hal_pwr_ex.c ****   /* Wait for UnderDrive mode is ready */
 400:Drivers/STM32F7xx_HAL_Driver/Src/stm32f7xx_hal_pwr_ex.c ****   while(__HAL_PWR_GET_FLAG(PWR_FLAG_UDRDY))
 659              		.loc 1 400 3 is_stmt 1 view .LVU150
 660              	.L64:
 661              		.loc 1 400 8 view .LVU151
 662              		.loc 1 400 9 is_stmt 0 view .LVU152
 663 0034 144B     		ldr	r3, .L73+4
 664 0036 5B68     		ldr	r3, [r3, #4]
 665 0038 03F44023 		and	r3, r3, #786432
 666              		.loc 1 400 8 view .LVU153
 667 003c B3F5402F 		cmp	r3, #786432
 668 0040 07D1     		bne	.L71
 401:Drivers/STM32F7xx_HAL_Driver/Src/stm32f7xx_hal_pwr_ex.c ****   {
 402:Drivers/STM32F7xx_HAL_Driver/Src/stm32f7xx_hal_pwr_ex.c ****     if((HAL_GetTick() - tickstart ) > PWR_UDERDRIVE_TIMEOUT_VALUE)
 669              		.loc 1 402 5 is_stmt 1 view .LVU154
 670              		.loc 1 402 9 is_stmt 0 view .LVU155
 671 0042 FFF7FEFF 		bl	HAL_GetTick
 672              	.LVL31:
 673              		.loc 1 402 23 view .LVU156
 674 0046 001B     		subs	r0, r0, r4
 675              		.loc 1 402 7 view .LVU157
 676 0048 B0F57A7F 		cmp	r0, #1000
ARM GAS  /tmp/cc2E4OBd.s 			page 20


 677 004c F2D9     		bls	.L64
 403:Drivers/STM32F7xx_HAL_Driver/Src/stm32f7xx_hal_pwr_ex.c ****     {
 404:Drivers/STM32F7xx_HAL_Driver/Src/stm32f7xx_hal_pwr_ex.c ****       return HAL_TIMEOUT;
 678              		.loc 1 404 14 view .LVU158
 679 004e 0320     		movs	r0, #3
 680 0050 13E0     		b	.L65
 681              	.L71:
 405:Drivers/STM32F7xx_HAL_Driver/Src/stm32f7xx_hal_pwr_ex.c ****     }
 406:Drivers/STM32F7xx_HAL_Driver/Src/stm32f7xx_hal_pwr_ex.c ****   }
 407:Drivers/STM32F7xx_HAL_Driver/Src/stm32f7xx_hal_pwr_ex.c ****   
 408:Drivers/STM32F7xx_HAL_Driver/Src/stm32f7xx_hal_pwr_ex.c ****   /* Select the regulator state in STOP mode ---------------------------------*/
 409:Drivers/STM32F7xx_HAL_Driver/Src/stm32f7xx_hal_pwr_ex.c ****   tempreg = PWR->CR1;
 682              		.loc 1 409 3 is_stmt 1 view .LVU159
 683              		.loc 1 409 11 is_stmt 0 view .LVU160
 684 0052 0D4A     		ldr	r2, .L73+4
 685 0054 1168     		ldr	r1, [r2]
 686              	.LVL32:
 410:Drivers/STM32F7xx_HAL_Driver/Src/stm32f7xx_hal_pwr_ex.c ****   /* Clear PDDS, LPDS, MRLUDS and LPLUDS bits */
 411:Drivers/STM32F7xx_HAL_Driver/Src/stm32f7xx_hal_pwr_ex.c ****   tempreg &= (uint32_t)~(PWR_CR1_PDDS | PWR_CR1_LPDS | PWR_CR1_LPUDS | PWR_CR1_MRUDS);
 687              		.loc 1 411 3 is_stmt 1 view .LVU161
 688              		.loc 1 411 11 is_stmt 0 view .LVU162
 689 0056 0E4B     		ldr	r3, .L73+12
 690 0058 0B40     		ands	r3, r3, r1
 691              	.LVL33:
 412:Drivers/STM32F7xx_HAL_Driver/Src/stm32f7xx_hal_pwr_ex.c ****   
 413:Drivers/STM32F7xx_HAL_Driver/Src/stm32f7xx_hal_pwr_ex.c ****   /* Set LPDS, MRLUDS and LPLUDS bits according to PWR_Regulator value */
 414:Drivers/STM32F7xx_HAL_Driver/Src/stm32f7xx_hal_pwr_ex.c ****   tempreg |= Regulator;
 692              		.loc 1 414 3 is_stmt 1 view .LVU163
 693              		.loc 1 414 11 is_stmt 0 view .LVU164
 694 005a 3343     		orrs	r3, r3, r6
 695              	.LVL34:
 415:Drivers/STM32F7xx_HAL_Driver/Src/stm32f7xx_hal_pwr_ex.c ****   
 416:Drivers/STM32F7xx_HAL_Driver/Src/stm32f7xx_hal_pwr_ex.c ****   /* Store the new value */
 417:Drivers/STM32F7xx_HAL_Driver/Src/stm32f7xx_hal_pwr_ex.c ****   PWR->CR1 = tempreg;
 696              		.loc 1 417 3 is_stmt 1 view .LVU165
 697              		.loc 1 417 12 is_stmt 0 view .LVU166
 698 005c 1360     		str	r3, [r2]
 418:Drivers/STM32F7xx_HAL_Driver/Src/stm32f7xx_hal_pwr_ex.c ****   
 419:Drivers/STM32F7xx_HAL_Driver/Src/stm32f7xx_hal_pwr_ex.c ****   /* Set SLEEPDEEP bit of Cortex System Control Register */
 420:Drivers/STM32F7xx_HAL_Driver/Src/stm32f7xx_hal_pwr_ex.c ****   SCB->SCR |= SCB_SCR_SLEEPDEEP_Msk;
 699              		.loc 1 420 3 is_stmt 1 view .LVU167
 700              		.loc 1 420 12 is_stmt 0 view .LVU168
 701 005e 0D4A     		ldr	r2, .L73+16
 702 0060 1369     		ldr	r3, [r2, #16]
 703              	.LVL35:
 704              		.loc 1 420 12 view .LVU169
 705 0062 43F00403 		orr	r3, r3, #4
 706 0066 1361     		str	r3, [r2, #16]
 707              	.LVL36:
 421:Drivers/STM32F7xx_HAL_Driver/Src/stm32f7xx_hal_pwr_ex.c ****   
 422:Drivers/STM32F7xx_HAL_Driver/Src/stm32f7xx_hal_pwr_ex.c ****   /* Select STOP mode entry --------------------------------------------------*/
 423:Drivers/STM32F7xx_HAL_Driver/Src/stm32f7xx_hal_pwr_ex.c ****   if(STOPEntry == PWR_SLEEPENTRY_WFI)
 708              		.loc 1 423 3 is_stmt 1 view .LVU170
 709              		.loc 1 423 5 is_stmt 0 view .LVU171
 710 0068 012D     		cmp	r5, #1
 711 006a 08D0     		beq	.L72
 424:Drivers/STM32F7xx_HAL_Driver/Src/stm32f7xx_hal_pwr_ex.c ****   {   
ARM GAS  /tmp/cc2E4OBd.s 			page 21


 425:Drivers/STM32F7xx_HAL_Driver/Src/stm32f7xx_hal_pwr_ex.c ****     /* Request Wait For Interrupt */
 426:Drivers/STM32F7xx_HAL_Driver/Src/stm32f7xx_hal_pwr_ex.c ****     __WFI();
 427:Drivers/STM32F7xx_HAL_Driver/Src/stm32f7xx_hal_pwr_ex.c ****   }
 428:Drivers/STM32F7xx_HAL_Driver/Src/stm32f7xx_hal_pwr_ex.c ****   else
 429:Drivers/STM32F7xx_HAL_Driver/Src/stm32f7xx_hal_pwr_ex.c ****   {
 430:Drivers/STM32F7xx_HAL_Driver/Src/stm32f7xx_hal_pwr_ex.c ****     /* Request Wait For Event */
 431:Drivers/STM32F7xx_HAL_Driver/Src/stm32f7xx_hal_pwr_ex.c ****     __WFE();
 712              		.loc 1 431 5 is_stmt 1 view .LVU172
 713              		.syntax unified
 714              	@ 431 "Drivers/STM32F7xx_HAL_Driver/Src/stm32f7xx_hal_pwr_ex.c" 1
 715 006c 20BF     		wfe
 716              	@ 0 "" 2
 717              		.thumb
 718              		.syntax unified
 719              	.L68:
 432:Drivers/STM32F7xx_HAL_Driver/Src/stm32f7xx_hal_pwr_ex.c ****   }
 433:Drivers/STM32F7xx_HAL_Driver/Src/stm32f7xx_hal_pwr_ex.c ****   /* Reset SLEEPDEEP bit of Cortex System Control Register */
 434:Drivers/STM32F7xx_HAL_Driver/Src/stm32f7xx_hal_pwr_ex.c ****   SCB->SCR &= (uint32_t)~((uint32_t)SCB_SCR_SLEEPDEEP_Msk);
 720              		.loc 1 434 3 view .LVU173
 721              		.loc 1 434 12 is_stmt 0 view .LVU174
 722 006e 094A     		ldr	r2, .L73+16
 723 0070 1369     		ldr	r3, [r2, #16]
 724 0072 23F00403 		bic	r3, r3, #4
 725 0076 1361     		str	r3, [r2, #16]
 435:Drivers/STM32F7xx_HAL_Driver/Src/stm32f7xx_hal_pwr_ex.c **** 
 436:Drivers/STM32F7xx_HAL_Driver/Src/stm32f7xx_hal_pwr_ex.c ****   return HAL_OK;  
 726              		.loc 1 436 3 is_stmt 1 view .LVU175
 727              		.loc 1 436 10 is_stmt 0 view .LVU176
 728 0078 0020     		movs	r0, #0
 729              	.LVL37:
 730              	.L65:
 437:Drivers/STM32F7xx_HAL_Driver/Src/stm32f7xx_hal_pwr_ex.c **** }
 731              		.loc 1 437 1 view .LVU177
 732 007a 02B0     		add	sp, sp, #8
 733              	.LCFI12:
 734              		.cfi_remember_state
 735              		.cfi_def_cfa_offset 16
 736              		@ sp needed
 737 007c 70BD     		pop	{r4, r5, r6, pc}
 738              	.LVL38:
 739              	.L72:
 740              	.LCFI13:
 741              		.cfi_restore_state
 426:Drivers/STM32F7xx_HAL_Driver/Src/stm32f7xx_hal_pwr_ex.c ****   }
 742              		.loc 1 426 5 is_stmt 1 view .LVU178
 743              		.syntax unified
 744              	@ 426 "Drivers/STM32F7xx_HAL_Driver/Src/stm32f7xx_hal_pwr_ex.c" 1
 745 007e 30BF     		wfi
 746              	@ 0 "" 2
 747              		.thumb
 748              		.syntax unified
 749 0080 F5E7     		b	.L68
 750              	.L74:
 751 0082 00BF     		.align	2
 752              	.L73:
 753 0084 00380240 		.word	1073887232
 754 0088 00700040 		.word	1073770496
ARM GAS  /tmp/cc2E4OBd.s 			page 22


 755 008c 00010C00 		.word	786688
 756 0090 FCF3FFFF 		.word	-3076
 757 0094 00ED00E0 		.word	-536810240
 758              		.cfi_endproc
 759              	.LFE151:
 761              		.section	.text.HAL_PWREx_GetVoltageRange,"ax",%progbits
 762              		.align	1
 763              		.global	HAL_PWREx_GetVoltageRange
 764              		.syntax unified
 765              		.thumb
 766              		.thumb_func
 768              	HAL_PWREx_GetVoltageRange:
 769              	.LFB152:
 438:Drivers/STM32F7xx_HAL_Driver/Src/stm32f7xx_hal_pwr_ex.c **** 
 439:Drivers/STM32F7xx_HAL_Driver/Src/stm32f7xx_hal_pwr_ex.c **** /**
 440:Drivers/STM32F7xx_HAL_Driver/Src/stm32f7xx_hal_pwr_ex.c ****   * @brief Returns Voltage Scaling Range.
 441:Drivers/STM32F7xx_HAL_Driver/Src/stm32f7xx_hal_pwr_ex.c ****   * @retval VOS bit field (PWR_REGULATOR_VOLTAGE_SCALE1, PWR_REGULATOR_VOLTAGE_SCALE2 or 
 442:Drivers/STM32F7xx_HAL_Driver/Src/stm32f7xx_hal_pwr_ex.c ****   *            PWR_REGULATOR_VOLTAGE_SCALE3)PWR_REGULATOR_VOLTAGE_SCALE1
 443:Drivers/STM32F7xx_HAL_Driver/Src/stm32f7xx_hal_pwr_ex.c ****   */  
 444:Drivers/STM32F7xx_HAL_Driver/Src/stm32f7xx_hal_pwr_ex.c **** uint32_t HAL_PWREx_GetVoltageRange(void)
 445:Drivers/STM32F7xx_HAL_Driver/Src/stm32f7xx_hal_pwr_ex.c **** {
 770              		.loc 1 445 1 view -0
 771              		.cfi_startproc
 772              		@ args = 0, pretend = 0, frame = 0
 773              		@ frame_needed = 0, uses_anonymous_args = 0
 774              		@ link register save eliminated.
 446:Drivers/STM32F7xx_HAL_Driver/Src/stm32f7xx_hal_pwr_ex.c ****   return  (PWR->CR1 & PWR_CR1_VOS);
 775              		.loc 1 446 3 view .LVU180
 776              		.loc 1 446 15 is_stmt 0 view .LVU181
 777 0000 024B     		ldr	r3, .L76
 778 0002 1868     		ldr	r0, [r3]
 447:Drivers/STM32F7xx_HAL_Driver/Src/stm32f7xx_hal_pwr_ex.c **** }
 779              		.loc 1 447 1 view .LVU182
 780 0004 00F44040 		and	r0, r0, #49152
 781 0008 7047     		bx	lr
 782              	.L77:
 783 000a 00BF     		.align	2
 784              	.L76:
 785 000c 00700040 		.word	1073770496
 786              		.cfi_endproc
 787              	.LFE152:
 789              		.section	.text.HAL_PWREx_ControlVoltageScaling,"ax",%progbits
 790              		.align	1
 791              		.global	HAL_PWREx_ControlVoltageScaling
 792              		.syntax unified
 793              		.thumb
 794              		.thumb_func
 796              	HAL_PWREx_ControlVoltageScaling:
 797              	.LVL39:
 798              	.LFB153:
 448:Drivers/STM32F7xx_HAL_Driver/Src/stm32f7xx_hal_pwr_ex.c **** 
 449:Drivers/STM32F7xx_HAL_Driver/Src/stm32f7xx_hal_pwr_ex.c **** /**
 450:Drivers/STM32F7xx_HAL_Driver/Src/stm32f7xx_hal_pwr_ex.c ****   * @brief Configures the main internal regulator output voltage.
 451:Drivers/STM32F7xx_HAL_Driver/Src/stm32f7xx_hal_pwr_ex.c ****   * @param  VoltageScaling specifies the regulator output voltage to achieve
 452:Drivers/STM32F7xx_HAL_Driver/Src/stm32f7xx_hal_pwr_ex.c ****   *         a tradeoff between performance and power consumption.
 453:Drivers/STM32F7xx_HAL_Driver/Src/stm32f7xx_hal_pwr_ex.c ****   *          This parameter can be one of the following values:
 454:Drivers/STM32F7xx_HAL_Driver/Src/stm32f7xx_hal_pwr_ex.c ****   *            @arg PWR_REGULATOR_VOLTAGE_SCALE1: Regulator voltage output range 1 mode,
ARM GAS  /tmp/cc2E4OBd.s 			page 23


 455:Drivers/STM32F7xx_HAL_Driver/Src/stm32f7xx_hal_pwr_ex.c ****   *                                                typical output voltage at 1.4 V,  
 456:Drivers/STM32F7xx_HAL_Driver/Src/stm32f7xx_hal_pwr_ex.c ****   *                                                system frequency up to 216 MHz.
 457:Drivers/STM32F7xx_HAL_Driver/Src/stm32f7xx_hal_pwr_ex.c ****   *            @arg PWR_REGULATOR_VOLTAGE_SCALE2: Regulator voltage output range 2 mode,
 458:Drivers/STM32F7xx_HAL_Driver/Src/stm32f7xx_hal_pwr_ex.c ****   *                                                typical output voltage at 1.2 V,                
 459:Drivers/STM32F7xx_HAL_Driver/Src/stm32f7xx_hal_pwr_ex.c ****   *                                                system frequency up to 180 MHz.
 460:Drivers/STM32F7xx_HAL_Driver/Src/stm32f7xx_hal_pwr_ex.c ****   *            @arg PWR_REGULATOR_VOLTAGE_SCALE3: Regulator voltage output range 2 mode,
 461:Drivers/STM32F7xx_HAL_Driver/Src/stm32f7xx_hal_pwr_ex.c ****   *                                                typical output voltage at 1.00 V,               
 462:Drivers/STM32F7xx_HAL_Driver/Src/stm32f7xx_hal_pwr_ex.c ****   *                                                system frequency up to 151 MHz.
 463:Drivers/STM32F7xx_HAL_Driver/Src/stm32f7xx_hal_pwr_ex.c ****   * @note To update the system clock frequency(SYSCLK):
 464:Drivers/STM32F7xx_HAL_Driver/Src/stm32f7xx_hal_pwr_ex.c ****   *        - Set the HSI or HSE as system clock frequency using the HAL_RCC_ClockConfig().
 465:Drivers/STM32F7xx_HAL_Driver/Src/stm32f7xx_hal_pwr_ex.c ****   *        - Call the HAL_RCC_OscConfig() to configure the PLL.
 466:Drivers/STM32F7xx_HAL_Driver/Src/stm32f7xx_hal_pwr_ex.c ****   *        - Call HAL_PWREx_ConfigVoltageScaling() API to adjust the voltage scale.
 467:Drivers/STM32F7xx_HAL_Driver/Src/stm32f7xx_hal_pwr_ex.c ****   *        - Set the new system clock frequency using the HAL_RCC_ClockConfig().
 468:Drivers/STM32F7xx_HAL_Driver/Src/stm32f7xx_hal_pwr_ex.c ****   * @note The scale can be modified only when the HSI or HSE clock source is selected 
 469:Drivers/STM32F7xx_HAL_Driver/Src/stm32f7xx_hal_pwr_ex.c ****   *        as system clock source, otherwise the API returns HAL_ERROR.  
 470:Drivers/STM32F7xx_HAL_Driver/Src/stm32f7xx_hal_pwr_ex.c ****   * @note When the PLL is OFF, the voltage scale 3 is automatically selected and the VOS bits
 471:Drivers/STM32F7xx_HAL_Driver/Src/stm32f7xx_hal_pwr_ex.c ****   *       value in the PWR_CR1 register are not taken in account.
 472:Drivers/STM32F7xx_HAL_Driver/Src/stm32f7xx_hal_pwr_ex.c ****   * @note This API forces the PLL state ON to allow the possibility to configure the voltage scale 
 473:Drivers/STM32F7xx_HAL_Driver/Src/stm32f7xx_hal_pwr_ex.c ****   * @note The new voltage scale is active only when the PLL is ON.  
 474:Drivers/STM32F7xx_HAL_Driver/Src/stm32f7xx_hal_pwr_ex.c ****   * @retval HAL Status
 475:Drivers/STM32F7xx_HAL_Driver/Src/stm32f7xx_hal_pwr_ex.c ****   */
 476:Drivers/STM32F7xx_HAL_Driver/Src/stm32f7xx_hal_pwr_ex.c **** HAL_StatusTypeDef HAL_PWREx_ControlVoltageScaling(uint32_t VoltageScaling)
 477:Drivers/STM32F7xx_HAL_Driver/Src/stm32f7xx_hal_pwr_ex.c **** {
 799              		.loc 1 477 1 is_stmt 1 view -0
 800              		.cfi_startproc
 801              		@ args = 0, pretend = 0, frame = 8
 802              		@ frame_needed = 0, uses_anonymous_args = 0
 803              		.loc 1 477 1 is_stmt 0 view .LVU184
 804 0000 30B5     		push	{r4, r5, lr}
 805              	.LCFI14:
 806              		.cfi_def_cfa_offset 12
 807              		.cfi_offset 4, -12
 808              		.cfi_offset 5, -8
 809              		.cfi_offset 14, -4
 810 0002 83B0     		sub	sp, sp, #12
 811              	.LCFI15:
 812              		.cfi_def_cfa_offset 24
 478:Drivers/STM32F7xx_HAL_Driver/Src/stm32f7xx_hal_pwr_ex.c ****   uint32_t tickstart = 0;
 813              		.loc 1 478 3 is_stmt 1 view .LVU185
 814              	.LVL40:
 479:Drivers/STM32F7xx_HAL_Driver/Src/stm32f7xx_hal_pwr_ex.c **** 
 480:Drivers/STM32F7xx_HAL_Driver/Src/stm32f7xx_hal_pwr_ex.c ****   assert_param(IS_PWR_REGULATOR_VOLTAGE(VoltageScaling));
 815              		.loc 1 480 3 view .LVU186
 481:Drivers/STM32F7xx_HAL_Driver/Src/stm32f7xx_hal_pwr_ex.c **** 
 482:Drivers/STM32F7xx_HAL_Driver/Src/stm32f7xx_hal_pwr_ex.c ****   /* Enable Power ctrl clock */
 483:Drivers/STM32F7xx_HAL_Driver/Src/stm32f7xx_hal_pwr_ex.c ****   __HAL_RCC_PWR_CLK_ENABLE();
 816              		.loc 1 483 3 view .LVU187
 817              	.LBB5:
 818              		.loc 1 483 3 view .LVU188
 819              		.loc 1 483 3 view .LVU189
 820 0004 2C4B     		ldr	r3, .L94
 821 0006 1A6C     		ldr	r2, [r3, #64]
 822 0008 42F08052 		orr	r2, r2, #268435456
 823 000c 1A64     		str	r2, [r3, #64]
 824              		.loc 1 483 3 view .LVU190
 825 000e 1A6C     		ldr	r2, [r3, #64]
 826 0010 02F08052 		and	r2, r2, #268435456
ARM GAS  /tmp/cc2E4OBd.s 			page 24


 827 0014 0092     		str	r2, [sp]
 828              		.loc 1 483 3 view .LVU191
 829 0016 009A     		ldr	r2, [sp]
 830              	.LBE5:
 831              		.loc 1 483 3 view .LVU192
 484:Drivers/STM32F7xx_HAL_Driver/Src/stm32f7xx_hal_pwr_ex.c **** 
 485:Drivers/STM32F7xx_HAL_Driver/Src/stm32f7xx_hal_pwr_ex.c ****   /* Check if the PLL is used as system clock or not */
 486:Drivers/STM32F7xx_HAL_Driver/Src/stm32f7xx_hal_pwr_ex.c ****   if(__HAL_RCC_GET_SYSCLK_SOURCE() != RCC_CFGR_SWS_PLL)
 832              		.loc 1 486 3 view .LVU193
 833              		.loc 1 486 6 is_stmt 0 view .LVU194
 834 0018 9B68     		ldr	r3, [r3, #8]
 835 001a 03F00C03 		and	r3, r3, #12
 836              		.loc 1 486 5 view .LVU195
 837 001e 082B     		cmp	r3, #8
 838 0020 46D0     		beq	.L86
 839 0022 0546     		mov	r5, r0
 487:Drivers/STM32F7xx_HAL_Driver/Src/stm32f7xx_hal_pwr_ex.c ****   {
 488:Drivers/STM32F7xx_HAL_Driver/Src/stm32f7xx_hal_pwr_ex.c ****     /* Disable the main PLL */
 489:Drivers/STM32F7xx_HAL_Driver/Src/stm32f7xx_hal_pwr_ex.c ****     __HAL_RCC_PLL_DISABLE();
 840              		.loc 1 489 5 is_stmt 1 view .LVU196
 841 0024 244A     		ldr	r2, .L94
 842 0026 1368     		ldr	r3, [r2]
 843 0028 23F08073 		bic	r3, r3, #16777216
 844 002c 1360     		str	r3, [r2]
 490:Drivers/STM32F7xx_HAL_Driver/Src/stm32f7xx_hal_pwr_ex.c ****     
 491:Drivers/STM32F7xx_HAL_Driver/Src/stm32f7xx_hal_pwr_ex.c ****     /* Get Start Tick */
 492:Drivers/STM32F7xx_HAL_Driver/Src/stm32f7xx_hal_pwr_ex.c ****     tickstart = HAL_GetTick();    
 845              		.loc 1 492 5 view .LVU197
 846              		.loc 1 492 17 is_stmt 0 view .LVU198
 847 002e FFF7FEFF 		bl	HAL_GetTick
 848              	.LVL41:
 849              		.loc 1 492 17 view .LVU199
 850 0032 0446     		mov	r4, r0
 851              	.LVL42:
 493:Drivers/STM32F7xx_HAL_Driver/Src/stm32f7xx_hal_pwr_ex.c ****     /* Wait till PLL is disabled */  
 494:Drivers/STM32F7xx_HAL_Driver/Src/stm32f7xx_hal_pwr_ex.c ****     while(__HAL_RCC_GET_FLAG(RCC_FLAG_PLLRDY) != RESET)
 852              		.loc 1 494 5 is_stmt 1 view .LVU200
 853              	.L80:
 854              		.loc 1 494 10 view .LVU201
 855              		.loc 1 494 11 is_stmt 0 view .LVU202
 856 0034 204B     		ldr	r3, .L94
 857 0036 1B68     		ldr	r3, [r3]
 858              		.loc 1 494 10 view .LVU203
 859 0038 13F0007F 		tst	r3, #33554432
 860 003c 06D0     		beq	.L91
 495:Drivers/STM32F7xx_HAL_Driver/Src/stm32f7xx_hal_pwr_ex.c ****     {
 496:Drivers/STM32F7xx_HAL_Driver/Src/stm32f7xx_hal_pwr_ex.c ****       if((HAL_GetTick() - tickstart ) > PLL_TIMEOUT_VALUE)
 861              		.loc 1 496 7 is_stmt 1 view .LVU204
 862              		.loc 1 496 11 is_stmt 0 view .LVU205
 863 003e FFF7FEFF 		bl	HAL_GetTick
 864              	.LVL43:
 865              		.loc 1 496 25 view .LVU206
 866 0042 031B     		subs	r3, r0, r4
 867              		.loc 1 496 9 view .LVU207
 868 0044 022B     		cmp	r3, #2
 869 0046 F5D9     		bls	.L80
 497:Drivers/STM32F7xx_HAL_Driver/Src/stm32f7xx_hal_pwr_ex.c ****       {
ARM GAS  /tmp/cc2E4OBd.s 			page 25


 498:Drivers/STM32F7xx_HAL_Driver/Src/stm32f7xx_hal_pwr_ex.c ****         return HAL_TIMEOUT;
 870              		.loc 1 498 16 view .LVU208
 871 0048 0320     		movs	r0, #3
 872 004a 32E0     		b	.L79
 873              	.L91:
 499:Drivers/STM32F7xx_HAL_Driver/Src/stm32f7xx_hal_pwr_ex.c ****       }
 500:Drivers/STM32F7xx_HAL_Driver/Src/stm32f7xx_hal_pwr_ex.c ****     }
 501:Drivers/STM32F7xx_HAL_Driver/Src/stm32f7xx_hal_pwr_ex.c ****     
 502:Drivers/STM32F7xx_HAL_Driver/Src/stm32f7xx_hal_pwr_ex.c ****     /* Set Range */
 503:Drivers/STM32F7xx_HAL_Driver/Src/stm32f7xx_hal_pwr_ex.c ****     __HAL_PWR_VOLTAGESCALING_CONFIG(VoltageScaling);
 874              		.loc 1 503 5 is_stmt 1 view .LVU209
 875              	.LBB6:
 876              		.loc 1 503 5 view .LVU210
 877              		.loc 1 503 5 view .LVU211
 878 004c 1B4A     		ldr	r2, .L94+4
 879 004e 1368     		ldr	r3, [r2]
 880 0050 23F44043 		bic	r3, r3, #49152
 881 0054 1D43     		orrs	r5, r5, r3
 882              	.LVL44:
 883              		.loc 1 503 5 is_stmt 0 view .LVU212
 884 0056 1560     		str	r5, [r2]
 885              		.loc 1 503 5 is_stmt 1 view .LVU213
 886 0058 1368     		ldr	r3, [r2]
 887 005a 03F44043 		and	r3, r3, #49152
 888 005e 0193     		str	r3, [sp, #4]
 889              		.loc 1 503 5 view .LVU214
 890 0060 019B     		ldr	r3, [sp, #4]
 891              	.LBE6:
 892              		.loc 1 503 5 view .LVU215
 504:Drivers/STM32F7xx_HAL_Driver/Src/stm32f7xx_hal_pwr_ex.c ****     
 505:Drivers/STM32F7xx_HAL_Driver/Src/stm32f7xx_hal_pwr_ex.c ****     /* Enable the main PLL */
 506:Drivers/STM32F7xx_HAL_Driver/Src/stm32f7xx_hal_pwr_ex.c ****     __HAL_RCC_PLL_ENABLE();
 893              		.loc 1 506 5 view .LVU216
 894 0062 02F5E432 		add	r2, r2, #116736
 895 0066 1368     		ldr	r3, [r2]
 896 0068 43F08073 		orr	r3, r3, #16777216
 897 006c 1360     		str	r3, [r2]
 507:Drivers/STM32F7xx_HAL_Driver/Src/stm32f7xx_hal_pwr_ex.c ****     
 508:Drivers/STM32F7xx_HAL_Driver/Src/stm32f7xx_hal_pwr_ex.c ****     /* Get Start Tick */
 509:Drivers/STM32F7xx_HAL_Driver/Src/stm32f7xx_hal_pwr_ex.c ****     tickstart = HAL_GetTick();
 898              		.loc 1 509 5 view .LVU217
 899              		.loc 1 509 17 is_stmt 0 view .LVU218
 900 006e FFF7FEFF 		bl	HAL_GetTick
 901              	.LVL45:
 902 0072 0446     		mov	r4, r0
 903              	.LVL46:
 510:Drivers/STM32F7xx_HAL_Driver/Src/stm32f7xx_hal_pwr_ex.c ****     /* Wait till PLL is ready */  
 511:Drivers/STM32F7xx_HAL_Driver/Src/stm32f7xx_hal_pwr_ex.c ****     while(__HAL_RCC_GET_FLAG(RCC_FLAG_PLLRDY) == RESET)
 904              		.loc 1 511 5 is_stmt 1 view .LVU219
 905              	.L82:
 906              		.loc 1 511 10 view .LVU220
 907              		.loc 1 511 11 is_stmt 0 view .LVU221
 908 0074 104B     		ldr	r3, .L94
 909 0076 1B68     		ldr	r3, [r3]
 910              		.loc 1 511 10 view .LVU222
 911 0078 13F0007F 		tst	r3, #33554432
 912 007c 06D1     		bne	.L92
ARM GAS  /tmp/cc2E4OBd.s 			page 26


 512:Drivers/STM32F7xx_HAL_Driver/Src/stm32f7xx_hal_pwr_ex.c ****     {
 513:Drivers/STM32F7xx_HAL_Driver/Src/stm32f7xx_hal_pwr_ex.c ****       if((HAL_GetTick() - tickstart ) > PLL_TIMEOUT_VALUE)
 913              		.loc 1 513 7 is_stmt 1 view .LVU223
 914              		.loc 1 513 11 is_stmt 0 view .LVU224
 915 007e FFF7FEFF 		bl	HAL_GetTick
 916              	.LVL47:
 917              		.loc 1 513 25 view .LVU225
 918 0082 001B     		subs	r0, r0, r4
 919              		.loc 1 513 9 view .LVU226
 920 0084 0228     		cmp	r0, #2
 921 0086 F5D9     		bls	.L82
 514:Drivers/STM32F7xx_HAL_Driver/Src/stm32f7xx_hal_pwr_ex.c ****       {
 515:Drivers/STM32F7xx_HAL_Driver/Src/stm32f7xx_hal_pwr_ex.c ****         return HAL_TIMEOUT;
 922              		.loc 1 515 16 view .LVU227
 923 0088 0320     		movs	r0, #3
 924 008a 12E0     		b	.L79
 925              	.L92:
 516:Drivers/STM32F7xx_HAL_Driver/Src/stm32f7xx_hal_pwr_ex.c ****       } 
 517:Drivers/STM32F7xx_HAL_Driver/Src/stm32f7xx_hal_pwr_ex.c ****     }
 518:Drivers/STM32F7xx_HAL_Driver/Src/stm32f7xx_hal_pwr_ex.c ****     
 519:Drivers/STM32F7xx_HAL_Driver/Src/stm32f7xx_hal_pwr_ex.c ****     /* Get Start Tick */
 520:Drivers/STM32F7xx_HAL_Driver/Src/stm32f7xx_hal_pwr_ex.c ****     tickstart = HAL_GetTick();
 926              		.loc 1 520 5 is_stmt 1 view .LVU228
 927              		.loc 1 520 17 is_stmt 0 view .LVU229
 928 008c FFF7FEFF 		bl	HAL_GetTick
 929              	.LVL48:
 930 0090 0446     		mov	r4, r0
 931              	.LVL49:
 521:Drivers/STM32F7xx_HAL_Driver/Src/stm32f7xx_hal_pwr_ex.c ****     while((__HAL_PWR_GET_FLAG(PWR_FLAG_VOSRDY) == RESET))
 932              		.loc 1 521 5 is_stmt 1 view .LVU230
 933              	.L84:
 934              		.loc 1 521 10 view .LVU231
 935              		.loc 1 521 12 is_stmt 0 view .LVU232
 936 0092 0A4B     		ldr	r3, .L94+4
 937 0094 5B68     		ldr	r3, [r3, #4]
 938              		.loc 1 521 10 view .LVU233
 939 0096 13F4804F 		tst	r3, #16384
 940 009a 07D1     		bne	.L93
 522:Drivers/STM32F7xx_HAL_Driver/Src/stm32f7xx_hal_pwr_ex.c ****     {
 523:Drivers/STM32F7xx_HAL_Driver/Src/stm32f7xx_hal_pwr_ex.c ****       if((HAL_GetTick() - tickstart ) > PWR_VOSRDY_TIMEOUT_VALUE)
 941              		.loc 1 523 7 is_stmt 1 view .LVU234
 942              		.loc 1 523 11 is_stmt 0 view .LVU235
 943 009c FFF7FEFF 		bl	HAL_GetTick
 944              	.LVL50:
 945              		.loc 1 523 25 view .LVU236
 946 00a0 001B     		subs	r0, r0, r4
 947              		.loc 1 523 9 view .LVU237
 948 00a2 B0F57A7F 		cmp	r0, #1000
 949 00a6 F4D9     		bls	.L84
 524:Drivers/STM32F7xx_HAL_Driver/Src/stm32f7xx_hal_pwr_ex.c ****       {
 525:Drivers/STM32F7xx_HAL_Driver/Src/stm32f7xx_hal_pwr_ex.c ****         return HAL_TIMEOUT;
 950              		.loc 1 525 16 view .LVU238
 951 00a8 0320     		movs	r0, #3
 952 00aa 02E0     		b	.L79
 953              	.L93:
 526:Drivers/STM32F7xx_HAL_Driver/Src/stm32f7xx_hal_pwr_ex.c ****       } 
 527:Drivers/STM32F7xx_HAL_Driver/Src/stm32f7xx_hal_pwr_ex.c ****     }
ARM GAS  /tmp/cc2E4OBd.s 			page 27


 528:Drivers/STM32F7xx_HAL_Driver/Src/stm32f7xx_hal_pwr_ex.c ****   }
 529:Drivers/STM32F7xx_HAL_Driver/Src/stm32f7xx_hal_pwr_ex.c ****   else
 530:Drivers/STM32F7xx_HAL_Driver/Src/stm32f7xx_hal_pwr_ex.c ****   {
 531:Drivers/STM32F7xx_HAL_Driver/Src/stm32f7xx_hal_pwr_ex.c ****     return HAL_ERROR;
 532:Drivers/STM32F7xx_HAL_Driver/Src/stm32f7xx_hal_pwr_ex.c ****   }
 533:Drivers/STM32F7xx_HAL_Driver/Src/stm32f7xx_hal_pwr_ex.c ****   return HAL_OK;
 954              		.loc 1 533 10 view .LVU239
 955 00ac 0020     		movs	r0, #0
 956 00ae 00E0     		b	.L79
 957              	.LVL51:
 958              	.L86:
 531:Drivers/STM32F7xx_HAL_Driver/Src/stm32f7xx_hal_pwr_ex.c ****   }
 959              		.loc 1 531 12 view .LVU240
 960 00b0 0120     		movs	r0, #1
 961              	.LVL52:
 962              	.L79:
 534:Drivers/STM32F7xx_HAL_Driver/Src/stm32f7xx_hal_pwr_ex.c **** }
 963              		.loc 1 534 1 view .LVU241
 964 00b2 03B0     		add	sp, sp, #12
 965              	.LCFI16:
 966              		.cfi_def_cfa_offset 12
 967              		@ sp needed
 968 00b4 30BD     		pop	{r4, r5, pc}
 969              	.L95:
 970 00b6 00BF     		.align	2
 971              	.L94:
 972 00b8 00380240 		.word	1073887232
 973 00bc 00700040 		.word	1073770496
 974              		.cfi_endproc
 975              	.LFE153:
 977              		.text
 978              	.Letext0:
 979              		.file 2 "/opt/gcc-arm-none-eabi-10.3-2021.10/arm-none-eabi/include/machine/_default_types.h"
 980              		.file 3 "/opt/gcc-arm-none-eabi-10.3-2021.10/arm-none-eabi/include/sys/_stdint.h"
 981              		.file 4 "Drivers/CMSIS/Include/core_cm7.h"
 982              		.file 5 "Drivers/CMSIS/Device/ST/STM32F7xx/Include/stm32f723xx.h"
 983              		.file 6 "Drivers/CMSIS/Device/ST/STM32F7xx/Include/stm32f7xx.h"
 984              		.file 7 "Drivers/STM32F7xx_HAL_Driver/Inc/stm32f7xx_hal_def.h"
 985              		.file 8 "Drivers/STM32F7xx_HAL_Driver/Inc/stm32f7xx_hal.h"
ARM GAS  /tmp/cc2E4OBd.s 			page 28


DEFINED SYMBOLS
                            *ABS*:0000000000000000 stm32f7xx_hal_pwr_ex.c
     /tmp/cc2E4OBd.s:20     .text.HAL_PWREx_EnableBkUpReg:0000000000000000 $t
     /tmp/cc2E4OBd.s:26     .text.HAL_PWREx_EnableBkUpReg:0000000000000000 HAL_PWREx_EnableBkUpReg
     /tmp/cc2E4OBd.s:89     .text.HAL_PWREx_EnableBkUpReg:0000000000000038 $d
     /tmp/cc2E4OBd.s:94     .text.HAL_PWREx_DisableBkUpReg:0000000000000000 $t
     /tmp/cc2E4OBd.s:100    .text.HAL_PWREx_DisableBkUpReg:0000000000000000 HAL_PWREx_DisableBkUpReg
     /tmp/cc2E4OBd.s:162    .text.HAL_PWREx_DisableBkUpReg:0000000000000038 $d
     /tmp/cc2E4OBd.s:167    .text.HAL_PWREx_EnableFlashPowerDown:0000000000000000 $t
     /tmp/cc2E4OBd.s:173    .text.HAL_PWREx_EnableFlashPowerDown:0000000000000000 HAL_PWREx_EnableFlashPowerDown
     /tmp/cc2E4OBd.s:191    .text.HAL_PWREx_EnableFlashPowerDown:000000000000000c $d
     /tmp/cc2E4OBd.s:196    .text.HAL_PWREx_DisableFlashPowerDown:0000000000000000 $t
     /tmp/cc2E4OBd.s:202    .text.HAL_PWREx_DisableFlashPowerDown:0000000000000000 HAL_PWREx_DisableFlashPowerDown
     /tmp/cc2E4OBd.s:220    .text.HAL_PWREx_DisableFlashPowerDown:000000000000000c $d
     /tmp/cc2E4OBd.s:225    .text.HAL_PWREx_EnableMainRegulatorLowVoltage:0000000000000000 $t
     /tmp/cc2E4OBd.s:231    .text.HAL_PWREx_EnableMainRegulatorLowVoltage:0000000000000000 HAL_PWREx_EnableMainRegulatorLowVoltage
     /tmp/cc2E4OBd.s:249    .text.HAL_PWREx_EnableMainRegulatorLowVoltage:000000000000000c $d
     /tmp/cc2E4OBd.s:254    .text.HAL_PWREx_DisableMainRegulatorLowVoltage:0000000000000000 $t
     /tmp/cc2E4OBd.s:260    .text.HAL_PWREx_DisableMainRegulatorLowVoltage:0000000000000000 HAL_PWREx_DisableMainRegulatorLowVoltage
     /tmp/cc2E4OBd.s:278    .text.HAL_PWREx_DisableMainRegulatorLowVoltage:000000000000000c $d
     /tmp/cc2E4OBd.s:283    .text.HAL_PWREx_EnableLowRegulatorLowVoltage:0000000000000000 $t
     /tmp/cc2E4OBd.s:289    .text.HAL_PWREx_EnableLowRegulatorLowVoltage:0000000000000000 HAL_PWREx_EnableLowRegulatorLowVoltage
     /tmp/cc2E4OBd.s:307    .text.HAL_PWREx_EnableLowRegulatorLowVoltage:000000000000000c $d
     /tmp/cc2E4OBd.s:312    .text.HAL_PWREx_DisableLowRegulatorLowVoltage:0000000000000000 $t
     /tmp/cc2E4OBd.s:318    .text.HAL_PWREx_DisableLowRegulatorLowVoltage:0000000000000000 HAL_PWREx_DisableLowRegulatorLowVoltage
     /tmp/cc2E4OBd.s:336    .text.HAL_PWREx_DisableLowRegulatorLowVoltage:000000000000000c $d
     /tmp/cc2E4OBd.s:341    .text.HAL_PWREx_EnableOverDrive:0000000000000000 $t
     /tmp/cc2E4OBd.s:347    .text.HAL_PWREx_EnableOverDrive:0000000000000000 HAL_PWREx_EnableOverDrive
     /tmp/cc2E4OBd.s:461    .text.HAL_PWREx_EnableOverDrive:0000000000000074 $d
     /tmp/cc2E4OBd.s:467    .text.HAL_PWREx_DisableOverDrive:0000000000000000 $t
     /tmp/cc2E4OBd.s:473    .text.HAL_PWREx_DisableOverDrive:0000000000000000 HAL_PWREx_DisableOverDrive
     /tmp/cc2E4OBd.s:587    .text.HAL_PWREx_DisableOverDrive:0000000000000074 $d
     /tmp/cc2E4OBd.s:593    .text.HAL_PWREx_EnterUnderDriveSTOPMode:0000000000000000 $t
     /tmp/cc2E4OBd.s:599    .text.HAL_PWREx_EnterUnderDriveSTOPMode:0000000000000000 HAL_PWREx_EnterUnderDriveSTOPMode
     /tmp/cc2E4OBd.s:753    .text.HAL_PWREx_EnterUnderDriveSTOPMode:0000000000000084 $d
     /tmp/cc2E4OBd.s:762    .text.HAL_PWREx_GetVoltageRange:0000000000000000 $t
     /tmp/cc2E4OBd.s:768    .text.HAL_PWREx_GetVoltageRange:0000000000000000 HAL_PWREx_GetVoltageRange
     /tmp/cc2E4OBd.s:785    .text.HAL_PWREx_GetVoltageRange:000000000000000c $d
     /tmp/cc2E4OBd.s:790    .text.HAL_PWREx_ControlVoltageScaling:0000000000000000 $t
     /tmp/cc2E4OBd.s:796    .text.HAL_PWREx_ControlVoltageScaling:0000000000000000 HAL_PWREx_ControlVoltageScaling
     /tmp/cc2E4OBd.s:972    .text.HAL_PWREx_ControlVoltageScaling:00000000000000b8 $d

UNDEFINED SYMBOLS
HAL_GetTick
